zookeeper 1 06 +00 phun@apache.org
zookeeper 1 06 +00 phun@apache.org
zookeeper 1 04 +00 phun@apache.org
zookeeper 1 00 +00 cnauroh@apache.org
zookeeper 1 21 +00 phun@apache.org
zookeeper 0 17 +00 phun@apache.org
zookeeper 0 17 +00 phun@apache.org
zookeeper 0 17 +00 phun@apache.org
zookeeper 0 16 +00 phun@apache.org
zookeeper 0 18 +00 phun@apache.org
zookeeper 1 06 +00 rakeshr@apache.org
zookeeper 1 21 +00 cnauroh@apache.org
zookeeper 1 00 +00 cnauroh@apache.org
zookeeper 1 05 +00 rakeshr@apache.org
zookeeper 1 06 +00 rakeshr@apache.org
zookeeper 1 19 +00 cnauroh@apache.org
zookeeper 1 20 +00 cnauroh@apache.org
zookeeper 1 20 +00 cnauroh@apache.org
zookeeper 1 05 +00 rgs@apache.org
zookeeper 1 04 +00 rgs@apache.org
zookeeper 1 04 +00 rgs@apache.org
zookeeper 1 05 +00 rgs@apache.org
zookeeper 1 05 +00 rgs@apache.org
zookeeper 1 04 +00 rgs@apache.org
zookeeper 1 20 +00 rgs@apache.org
zookeeper 1 20 +00 rgs@apache.org
zookeeper 1 19 +00 rgs@apache.org
zookeeper 1 18 +00 rgs@apache.org
zookeeper 1 21 +00 rgs@apache.org
zookeeper 1 21 +00 rgs@apache.org
zookeeper 1 23 +00 rgs@apache.org
zookeeper 1 21 +00 rgs@apache.org
zookeeper 1 20 +00 rgs@apache.org
zookeeper 1 07 +00 rgs@apache.org
zookeeper 1 23 +00 rgs@apache.org
zookeeper 1 23 +00 rgs@apache.org
zookeeper 1 21 +00 rgs@apache.org
zookeeper 1 21 +00 rgs@apache.org
zookeeper 1 21 +00 rgs@apache.org
zookeeper 1 07 +00 rgs@apache.org
zookeeper 1 22 +00 michim@apache.org
zookeeper 1 21 +00 fpj@apache.org
zookeeper 1 17 +00 cnauroh@apache.org
zookeeper 1 21 +00 cnauroh@apache.org
zookeeper 1 21 +00 cnauroh@apache.org
zookeeper 1 01 +00 rakeshr@apache.org
zookeeper 1 20 +00 rgs@apache.org
zookeeper 1 06 +00 rakeshr@apache.org
zookeeper 1 06 +00 rakeshr@apache.org
zookeeper 1 05 +00 cnauroh@apache.org
zookeeper 1 04 +00 rgs@apache.org
zookeeper 1 04 +00 rgs@apache.org
zookeeper 1 18 +00 rakeshr@apache.org
zookeeper 1 04 +00 rakeshr@apache.org
zookeeper 1 05 +00 rgs@apache.org
zookeeper 1 17 +00 rgs@apache.org
zookeeper 1 20 +00 rgs@apache.org
zookeeper 1 04 +00 michim@apache.org
zookeeper 1 06 +00 rgs@apache.org
zookeeper 1 05 +00 rgs@apache.org
zookeeper 1 04 +00 rakeshr@apache.org
zookeeper 0 18 +00 rgs@apache.org
zookeeper 1 19 +00 rgs@apache.org
zookeeper 1 00 +00 rgs@apache.org
zookeeper 1 00 +00 rgs@apache.org
zookeeper 1 19 +00 rgs@apache.org
zookeeper 1 23 +00 rgs@apache.org
zookeeper 1 00 +00 rgs@apache.org
zookeeper 1 21 +00 rgs@apache.org
zookeeper 0 18 +00 rgs@apache.org
zookeeper 1 01 +00 rgs@apache.org
zookeeper 1 19 +00 rgs@apache.org
zookeeper 1 19 +00 rgs@apache.org
zookeeper 1 19 +00 rgs@apache.org
zookeeper 0 18 +00 rgs@apache.org
zookeeper 0 18 +00 rgs@apache.org
zookeeper 0 17 +00 rgs@apache.org
zookeeper 0 17 +00 rgs@apache.org
zookeeper 0 16 +00 rgs@apache.org
zookeeper 1 19 +00 rgs@apache.org
zookeeper 1 05 +00 rgs@apache.org
zookeeper 1 06 +00 michim@apache.org
zookeeper 1 09 +00 michim@apache.org
zookeeper 1 16 +00 hdeng@apache.org
zookeeper 1 21 +00 hdeng@apache.org
zookeeper 1 19 +00 rgs@apache.org
zookeeper 0 17 +00 hdeng@apache.org
zookeeper 1 05 +00 rakeshr@apache.org
zookeeper 1 07 +00 rakeshr@apache.org
zookeeper 1 07 +00 rgs@apache.org
zookeeper 1 04 +00 rakeshr@apache.org
zookeeper 1 19 +00 rgs@apache.org
zookeeper 0 16 +00 hdeng@apache.org
zookeeper 1 05 +00 michim@apache.org
zookeeper 1 21 +00 hdeng@apache.org
zookeeper 1 22 +00 michim@apache.org
zookeeper 0 15 +00 hdeng@apache.org
zookeeper 0 17 +00 hdeng@apache.org
zookeeper 0 17 +00 hdeng@apache.org
zookeeper 1 02 +00 rakeshr@apache.org
zookeeper 1 06 +00 rgs@apache.org
zookeeper 1 17 +00 rgs@apache.org
zookeeper 0 18 +00 camille@apache.org
zookeeper 1 21 +00 michim@apache.org
zookeeper 1 20 +00 hdeng@apache.org
zookeeper 0 18 +00 rakeshr@apache.org
zookeeper 0 17 +00 hdeng@apache.org
zookeeper 1 23 +00 rgs@apache.org
zookeeper 1 19 +00 rakeshr@apache.org
zookeeper 1 07 +00 michim@apache.org
zookeeper 1 07 +00 michim@apache.org
zookeeper 0 17 +00 rakeshr@apache.org
zookeeper 0 08 +00 rakeshr@apache.org
zookeeper 1 05 +00 rakeshr@apache.org
zookeeper 1 07 +00 michim@apache.org
zookeeper 1 00 +00 camille@apache.org
zookeeper 1 22 +00 michim@apache.org
zookeeper 1 22 +00 michim@apache.org
zookeeper 0 18 +00 rakeshr@apache.org
zookeeper 1 22 +00 michim@apache.org
zookeeper 1 16 +00 rakeshr@apache.org
zookeeper 0 17 +00 rakeshr@apache.org
zookeeper 1 22 +00 michim@apache.org
zookeeper 1 21 +00 michim@apache.org
zookeeper 1 06 +00 michim@apache.org
zookeeper 1 05 +00 michim@apache.org
zookeeper 1 05 +00 michim@apache.org
zookeeper 1 07 +00 rakeshr@apache.org
zookeeper 1 02 +00 rakeshr@apache.org
zookeeper 0 16 +00 rakeshr@apache.org
zookeeper 1 00 +00 shralex@apache.org
zookeeper 1 14 +00 fpj@apache.org
zookeeper 1 14 +00 fpj@apache.org
zookeeper 1 21 +00 fpj@apache.org
zookeeper 1 16 +00 fpj@apache.org
zookeeper 1 15 +00 fpj@apache.org
zookeeper 1 22 +00 fpj@apache.org
zookeeper 1 06 +00 michim@apache.org
zookeeper 1 06 +00 shralex@apache.org
zookeeper 1 04 +00 rakeshr@apache.org
zookeeper 1 02 +00 camille@apache.org
zookeeper 1 04 +00 michim@apache.org
zookeeper 1 03 +00 rakeshr@apache.org
zookeeper 1 03 +00 rakeshr@apache.org
zookeeper 0 08 +00 rakeshr@apache.org
zookeeper 0 17 +00 rakeshr@apache.org
zookeeper 1 06 +00 michim@apache.org
zookeeper 1 17 +00 rakeshr@apache.org
zookeeper 1 06 +00 rakeshr@apache.org
zookeeper 0 15 +00 fpj@apache.org
zookeeper 1 05 +00 michim@apache.org
zookeeper 1 07 +00 shralex@apache.org
zookeeper 0 14 +00 shralex@apache.org
zookeeper 1 05 +00 michim@apache.org
zookeeper 0 17 +00 shralex@apache.org
zookeeper 1 04 +00 michim@apache.org
zookeeper 1 20 +00 shralex@apache.org
zookeeper 0 12 +00 shralex@apache.org
zookeeper 1 07 +00 shralex@apache.org
zookeeper 1 06 +00 shralex@apache.org
zookeeper 1 21 +00 phun@apache.org
zookeeper 1 21 +00 phun@apache.org
zookeeper 1 05 +00 shralex@apache.org
zookeeper 1 02 +00 rakeshr@apache.org
zookeeper 0 16 +00 phun@apache.org
zookeeper 0 16 +00 phun@apache.org
zookeeper 1 23 +00 phun@apache.org
zookeeper 1 23 +00 phun@apache.org
zookeeper 1 22 +00 phun@apache.org
zookeeper 0 18 +00 phun@apache.org
zookeeper 0 17 +00 phun@apache.org
zookeeper 0 16 +00 phun@apache.org
zookeeper 1 04 +00 phun@apache.org
zookeeper 1 04 +00 phun@apache.org
zookeeper 0 18 +00 phun@apache.org
zookeeper 0 17 +00 phun@apache.org
zookeeper 1 02 +00 phun@apache.org
zookeeper 1 04 +00 phun@apache.org
zookeeper 0 18 +00 fpj@apache.org
zookeeper 0 17 +00 rakeshr@apache.org
zookeeper 0 17 +00 phun@apache.org
zookeeper 0 17 +00 phun@apache.org
zookeeper 1 00 +00 phun@apache.org
zookeeper 1 20 +00 michim@apache.org
zookeeper 0 09 +00 fpj@apache.org
zookeeper 0 16 +00 fpj@apache.org
zookeeper 0 15 +00 fpj@apache.org
zookeeper 1 21 +00 camille@apache.org
zookeeper 0 17 +00 fpj@apache.org
zookeeper 0 15 +00 fpj@apache.org
zookeeper 0 18 +00 rakeshr@apache.org
zookeeper 1 03 +00 michim@apache.org
zookeeper 1 21 +00 fpj@apache.org
zookeeper 1 02 +00 rakeshr@apache.org
zookeeper 1 04 +00 phun@apache.org
zookeeper 1 03 +00 phun@apache.org
zookeeper 0 17 +00 shralex@apache.org
zookeeper 1 21 +00 camille@apache.org
zookeeper 0 17 +00 phun@apache.org
zookeeper 0 17 +00 phun@apache.org
zookeeper 0 17 +00 phun@apache.org
zookeeper 0 13 +00 fpj@apache.org
zookeeper 0 13 +00 fpj@apache.org
zookeeper 1 22 +00 fpj@apache.org
zookeeper 1 20 +00 michim@apache.org
zookeeper 0 17 +00 michim@apache.org
zookeeper 1 21 +00 fpj@apache.org
zookeeper 0 17 +00 michim@apache.org
zookeeper 1 21 +00 michim@apache.org
zookeeper 0 15 +00 rakeshr@apache.org
zookeeper 1 03 +00 michim@apache.org
zookeeper 1 02 +00 michim@apache.org
zookeeper 1 01 +00 michim@apache.org
zookeeper 1 11 +00 rakeshr@apache.org
zookeeper 1 22 +00 michim@apache.org
zookeeper 0 17 +00 michim@apache.org
zookeeper 1 20 +00 michim@apache.org
zookeeper 1 01 +00 rakeshr@apache.org
zookeeper 1 10 +00 rakeshr@apache.org
zookeeper 1 21 +00 michim@apache.org
zookeeper 1 21 +00 michim@apache.org
zookeeper 1 12 +00 rakeshr@apache.org
zookeeper 1 02 +00 rakeshr@apache.org
zookeeper 1 00 +00 camille@apache.org
zookeeper 1 21 +00 michim@apache.org
zookeeper 1 21 +00 michim@apache.org
zookeeper 1 19 +00 michim@apache.org
zookeeper 0 08 +00 michim@apache.org
zookeeper 1 22 +00 michim@apache.org
zookeeper 1 06 +00 rakeshr@unknown
zookeeper 1 07 +00 michim@apache.org
zookeeper 1 06 +00 michim@apache.org
zookeeper 1 21 +00 michim@apache.org=michim=MichiMusuzakimichim@apache.org@apache.org
zookeeper 1 03 +00 michim@apache.org
zookeeper 1 01 +00 michim@apache.org
zookeeper 1 01 +00 michim@apache.org
zookeeper 1 01 +00 michim@apache.org
zookeeper 1 23 +00 michim@apache.org
zookeeper 1 23 +00 michim@apache.org
zookeeper 1 22 +00 michim@apache.org
zookeeper 1 20 +00 michim@apache.org
zookeeper 1 02 +00 michim@apache.org
zookeeper 1 01 +00 michim@apache.org
zookeeper 1 23 +00 michim@apache.org
zookeeper 1 23 +00 michim@apache.org
zookeeper 1 23 +00 michim@apache.org
zookeeper 1 03 +00 michim@apache.org
zookeeper 1 03 +00 michim@apache.org
zookeeper 1 00 +00 camille@apache.org
zookeeper 1 21 +00 michim@apache.org
zookeeper 1 21 +00 michim@apache.org
zookeeper 1 21 +00 michim@apache.org
zookeeper 1 21 +00 michim@apache.org
zookeeper 1 03 +00 michim@apache.org
zookeeper 1 05 +00 michim@apache.org
zookeeper 1 23 +00 michim@apache.org
zookeeper 1 22 +00 michim@apache.org
zookeeper 1 20 +00 michim@apache.org
zookeeper 1 01 +00 michim@apache.org
zookeeper 1 22 +00 michim@apache.org
zookeeper 1 22 +00 michim@apache.org
zookeeper 1 21 +00 michim@apache.org
zookeeper 1 01 +00 michim@apache.org
zookeeper 1 23 +00 michim@apache.org
zookeeper 1 21 +00 michim@apache.org
zookeeper 1 01 +00 camille@apache.org
zookeeper 1 00 +00 camille@apache.org
zookeeper 0 16 +00 fpj@apache.org
zookeeper 1 01 +00 michim@apache.org
zookeeper 1 01 +00 michim@apache.org
zookeeper 1 21 +00 phun@apache.org
zookeeper 1 20 +00 phun@apache.org
zookeeper 0 13 +00 fpj@apache.org
zookeeper 1 00 +00 fpj@apache.org
zookeeper 1 06 +00 phun@apache.org
zookeeper 1 20 +00 michim@apache.org
zookeeper 1 03 +00 michim@apache.org
zookeeper 1 22 +00 fpj@apache.org
zookeeper 1 22 +00 phun@apache.org
zookeeper 1 22 +00 michim@apache.org
zookeeper 1 21 +00 michim@apache.org
zookeeper 1 19 +00 michim@apache.org
zookeeper 1 00 +00 fpj@apache.org
zookeeper 1 00 +00 fpj@apache.org
zookeeper 0 16 +00 fpj@apache.org
zookeeper 0 14 +00 fpj@apache.org
zookeeper 1 21 +00 fpj@apache.org
zookeeper 1 01 +00 phun@apache.org
zookeeper 0 16 +00 phun@apache.org
zookeeper 1 21 +00 michim@apache.org
zookeeper 1 06 +00 phun@apache.org
zookeeper 1 04 +00 michim@apache.org
zookeeper 0 18 +00 camille@apache.org
zookeeper 1 00 +00 michim@apache.org
zookeeper 1 20 +00 michim@apache.org
zookeeper 1 10 +00 fpj@apache.org
zookeeper 1 04 +00 michim@apache.org
zookeeper 1 23 +00 fpj@apache.org
zookeeper 1 01 +00 michim@apache.org
zookeeper 0 18 +00 fpj@apache.org
zookeeper 1 04 +00 hawan@apache.org
zookeeper 1 06 +00 phun@apache.org
zookeeper 1 05 +00 breed@apache.org
zookeeper 1 02 +00 camille@apache.org
zookeeper 0 18 +00 hawan@apache.org
zookeeper 1 05 +00 phun@apache.org
zookeeper 1 05 +00 phun@apache.org
zookeeper 1 01 +00 phun@apache.org
zookeeper 1 23 +00 phun@apache.org
zookeeper 1 23 +00 phun@apache.org
zookeeper 0 10 +00 fpj@apache.org
zookeeper 1 21 +00 fpj@apache.org
zookeeper 0 17 +00 phun@apache.org
zookeeper 1 23 +00 phun@apache.org
zookeeper 1 22 +00 phun@apache.org
zookeeper 1 19 +00 phun@apache.org
zookeeper 0 18 +00 camille@apache.org
zookeeper 1 22 +00 phun@apache.org
zookeeper 1 20 +00 hawan@apache.org
zookeeper 0 16 +00 phun@apache.org
zookeeper 1 06 +00 phun@apache.org
zookeeper 1 05 +00 phun@apache.org
zookeeper 1 05 +00 phun@apache.org
zookeeper 1 23 +00 phun@apache.org
zookeeper 1 23 +00 phun@apache.org
zookeeper 1 19 +00 hawan@apache.org
zookeeper 1 22 +00 michim@apache.org
zookeeper 1 22 +00 michim@apache.org
zookeeper 1 21 +00 fpj@apache.org
zookeeper 0 16 +00 phun@apache.org
zookeeper 0 16 +00 phun@apache.org
zookeeper 0 18 +00 phun@apache.org
zookeeper 1 23 +00 phun@apache.org
zookeeper 1 21 +00 phun@apache.org
zookeeper 1 21 +00 phun@apache.org
zookeeper 1 05 +00 phun@apache.org
zookeeper 1 20 +00 hawan@apache.org
zookeeper 1 20 +00 hawan@apache.org
zookeeper 1 20 +00 camille@apache.org
zookeeper 1 23 +00 mahadev@apache.org
zookeeper 1 23 +00 mahadev@apache.org
zookeeper 0 12 +00 fpj@apache.org
zookeeper 1 00 +00 mahadev@apache.org
zookeeper 1 22 +00 fpj@apache.org
zookeeper 0 16 +00 camille@apache.org
zookeeper 0 13 +00 fpj@apache.org
zookeeper 0 10 +00 fpj@apache.org
zookeeper 1 02 +00 mahadev@apache.org
zookeeper 1 23 +00 fpj@apache.org
zookeeper 1 22 +00 michim@apache.org
zookeeper 1 20 +00 camille@apache.org
zookeeper 1 22 +00 michim@apache.org
zookeeper 1 21 +00 fpj@apache.org
zookeeper 0 11 +00 fpj@apache.org
zookeeper 1 21 +00 fpj@apache.org
zookeeper 1 20 +00 fpj@apache.org
zookeeper 0 09 +00 fpj@apache.org
zookeeper 0 09 +00 fpj@apache.org
zookeeper 1 01 +00 camille@apache.org
zookeeper 1 20 +00 camille@apache.org
zookeeper 1 22 +00 phun@apache.org
zookeeper 1 21 +00 hawan@apache.org
zookeeper 0 16 +00 camille@apache.org
zookeeper 0 17 +00 camille@apache.org
zookeeper 0 16 +00 camille@apache.org
zookeeper 0 17 +00 camille@apache.org
zookeeper 1 22 +00 michim@apache.org
zookeeper 1 21 +00 camille@apache.org
zookeeper 0 16 +00 camille@apache.org
zookeeper 0 12 +00 fpj@apache.org
zookeeper 1 07 +00 fpj@apache.org
zookeeper 1 13 +00 fpj@apache.org
zookeeper 1 12 +00 fpj@apache.org
zookeeper 1 23 +00 michim@apache.org
zookeeper 0 15 +00 camille@apache.org
zookeeper 1 06 +00 phun@apache.org
zookeeper 0 15 +00 camille@apache.org
zookeeper 1 01 +00 camille@apache.org
zookeeper 1 06 +00 breed@apache.org
zookeeper 1 05 +00 michim@apache.org
zookeeper 1 00 +00 phun@apache.org
zookeeper 0 08 +00 phun@apache.org
zookeeper 0 08 +00 phun@apache.org
zookeeper 1 07 +00 phun@apache.org
zookeeper 1 00 +00 phun@apache.org
zookeeper 1 00 +00 phun@apache.org
zookeeper 1 14 +00 camille@apache.org
zookeeper 1 06 +00 phun@apache.org
zookeeper 1 06 +00 phun@apache.org
zookeeper 1 07 +00 phun@apache.org
zookeeper 1 07 +00 phun@apache.org
zookeeper 1 07 +00 phun@apache.org
zookeeper 1 07 +00 phun@apache.org
zookeeper 1 06 +00 phun@apache.org
zookeeper 1 06 +00 phun@apache.org
zookeeper 1 06 +00 phun@apache.org
zookeeper 1 01 +00 phun@apache.org
zookeeper 1 02 +00 michim@apache.org
zookeeper 1 00 +00 fpj@apache.org
zookeeper 1 21 +00 fpj@apache.org
zookeeper 1 01 +00 camille@apache.org
zookeeper 1 00 +00 phun@apache.org
zookeeper 1 05 +00 phun@apache.org
zookeeper 0 18 +00 phun@apache.org
zookeeper 0 18 +00 phun@apache.org
zookeeper 0 08 +00 phun@apache.org
zookeeper 1 07 +00 mahadev@apache.org
zookeeper 1 06 +00 mahadev@apache.org
zookeeper 1 06 +00 phun@apache.org
zookeeper 1 00 +00 phun@apache.org
zookeeper 1 07 +00 phun@apache.org
zookeeper 1 07 +00 phun@apache.org
zookeeper 1 06 +00 phun@apache.org
zookeeper 1 07 +00 phun@apache.org
zookeeper 1 07 +00 phun@apache.org
zookeeper 1 07 +00 phun@apache.org
zookeeper 1 06 +00 phun@apache.org
zookeeper 1 06 +00 phun@apache.org
zookeeper 0 08 +00 phun@apache.org
zookeeper 1 07 +00 phun@apache.org
zookeeper 1 23 +00 phun@apache.org
zookeeper 1 20 +00 michim@apache.org
zookeeper 1 07 +00 phun@apache.org
zookeeper 1 07 +00 phun@apache.org
zookeeper 1 01 +00 michim@apache.org
zookeeper 1 14 +00 fpj@apache.org
zookeeper 0 18 +00 phun@apache.org
zookeeper 0 17 +00 phun@apache.org
zookeeper 0 16 +00 mahadev@apache.org
zookeeper 1 05 +00 breed@apache.org
zookeeper 1 23 +00 henry@apache.org
zookeeper 1 07 +00 mahadev@apache.org
zookeeper 1 21 +00 michim@apache.org
zookeeper 1 07 +00 mahadev@apache.org
zookeeper 1 07 +00 mahadev@apache.org
zookeeper 1 18 +00 mahadev@apache.org
zookeeper 1 06 +00 mahadev@apache.org
zookeeper 1 06 +00 mahadev@apache.org
zookeeper 1 06 +00 mahadev@apache.org
zookeeper 1 23 +00 michim@apache.org
zookeeper 1 05 +00 mahadev@apache.org
zookeeper 1 20 +00 michim@apache.org
zookeeper 0 18 +00 michim@apache.org
zookeeper 1 19 +00 phun@apache.org
zookeeper 1 23 +00 michim@apache.org
zookeeper 1 22 +00 henry@apache.org
zookeeper 1 22 +00 phun@apache.org
zookeeper 1 21 +00 phun@apache.org
zookeeper 1 19 +00 phun@apache.org
zookeeper 0 15 +00 phun@apache.org
zookeeper 1 05 +00 phun@apache.org
zookeeper 1 05 +00 phun@apache.org
zookeeper 1 21 +00 phun@apache.org
zookeeper 1 21 +00 phun@apache.org
zookeeper 0 16 +00 camille@apache.org
zookeeper 1 06 +00 phun@apache.org
zookeeper 1 06 +00 phun@apache.org
zookeeper 1 06 +00 phun@apache.org
zookeeper 1 06 +00 phun@apache.org
zookeeper 1 06 +00 phun@apache.org
zookeeper 1 20 +00 mahadev@apache.org
zookeeper 0 17 +00 michim@apache.org
zookeeper 1 00 +00 henry@apache.org
zookeeper 1 05 +00 michim@apache.org
zookeeper 1 01 +00 michim@apache.org
zookeeper 1 05 +00 michim@apache.org
zookeeper 1 03 +00 michim@apache.org
zookeeper 1 06 +00 michim@apache.org
zookeeper 0 10 +00 michim@apache.org
zookeeper 1 22 +00 michim@apache.org
zookeeper 1 23 +00 breed@apache.org
zookeeper 1 00 +00 michim@apache.org
zookeeper 1 22 +00 henry@apache.org
zookeeper 1 01 +00 henry@apache.org
zookeeper 1 01 +00 henry@apache.org
zookeeper 1 00 +00 camille@apache.org
zookeeper 1 06 +00 phun@apache.org
zookeeper 1 20 +00 camille@apache.org
zookeeper 1 06 +00 phun@apache.org
zookeeper 1 06 +00 phun@apache.org
zookeeper 1 06 +00 phun@apache.org
zookeeper 1 22 +00 camille@apache.org
zookeeper 1 22 +00 camille@apache.org
zookeeper 1 15 +00 camille@apache.org
zookeeper 1 00 +00 phun@apache.org
zookeeper 1 00 +00 phun@apache.org
zookeeper 0 17 +00 phun@apache.org
zookeeper 0 16 +00 phun@apache.org
zookeeper 1 21 +00 henry@apache.org
zookeeper 0 08 +00 henry@apache.org
zookeeper 1 02 +00 camille@apache.org
zookeeper 1 02 +00 camille@apache.org
zookeeper 1 00 +00 camille@apache.org
zookeeper 1 22 +00 phun@apache.org
zookeeper 1 23 +00 camille@apache.org
zookeeper 0 10 +00 mahadev@apache.org
zookeeper 0 09 +00 mahadev@apache.org
zookeeper 0 09 +00 mahadev@apache.org
zookeeper 0 09 +00 mahadev@apache.org
zookeeper 0 09 +00 mahadev@apache.org
zookeeper 0 08 +00 mahadev@apache.org
zookeeper 0 08 +00 mahadev@apache.org
zookeeper 0 08 +00 mahadev@apache.org
zookeeper 0 08 +00 mahadev@apache.org
zookeeper 1 07 +00 mahadev@apache.org
zookeeper 1 06 +00 mahadev@apache.org
zookeeper 1 20 +00 phun@apache.org
zookeeper 1 02 +00 camille@apache.org
zookeeper 1 02 +00 camille@apache.org
zookeeper 1 23 +00 henry@apache.org
zookeeper 1 01 +00 phun@apache.org
zookeeper 1 01 +00 phun@apache.org
zookeeper 1 00 +00 breed@apache.org
zookeeper 1 21 +00 phun@apache.org
zookeeper 1 21 +00 phun@apache.org
zookeeper 1 21 +00 camille@apache.org
zookeeper 0 14 +00 camille@apache.org
zookeeper 1 06 +00 phun@apache.org
zookeeper 1 00 +00 phun@apache.org
zookeeper 1 00 +00 phun@apache.org
zookeeper 1 23 +00 phun@apache.org
zookeeper 1 23 +00 phun@apache.org
zookeeper 1 19 +00 breed@apache.org
zookeeper 1 20 +00 mahadev@apache.org
zookeeper 1 00 +00 phun@apache.org
zookeeper 1 23 +00 phun@apache.org
zookeeper 1 23 +00 phun@apache.org
zookeeper 1 23 +00 phun@apache.org
zookeeper 1 22 +00 phun@apache.org
zookeeper 1 22 +00 mahadev@apache.org
zookeeper 1 19 +00 mahadev@apache.org
zookeeper 0 18 +00 mahadev@apache.org
zookeeper 1 00 +00 mahadev@apache.org
zookeeper 1 22 +00 mahadev@apache.org
zookeeper 1 22 +00 mahadev@apache.org
zookeeper 1 21 +00 mahadev@apache.org
zookeeper 1 07 +00 phun@apache.org
zookeeper 1 07 +00 mahadev@apache.org
zookeeper 0 18 +00 camille@apache.org
zookeeper 1 19 +00 camille@apache.org
zookeeper 1 20 +00 phun@apache.org
zookeeper 1 20 +00 camille@apache.org
zookeeper 1 06 +00 mahadev@apache.org
zookeeper 1 21 +00 phun@apache.org
zookeeper 0 14 +00 camille@apache.org
zookeeper 1 07 +00 mahadev@apache.org
zookeeper 1 20 +00 phun@apache.org
zookeeper 0 16 +00 phun@apache.org
zookeeper 0 16 +00 phun@apache.org
zookeeper 0 14 +00 camille@apache.org
zookeeper 1 22 +00 phun@apache.org
zookeeper 1 21 +00 phun@apache.org
zookeeper 0 18 +00 phun@apache.org
zookeeper 0 16 +00 phun@apache.org
zookeeper 0 16 +00 phun@apache.org
zookeeper 0 17 +00 phun@apache.org
zookeeper 0 17 +00 phun@apache.org
zookeeper 1 06 +00 phun@apache.org
zookeeper 0 08 +00 phun@apache.org
zookeeper 1 06 +00 mahadev@apache.org
zookeeper 1 06 +00 mahadev@apache.org
zookeeper 0 18 +00 phun@apache.org
zookeeper 0 16 +00 phun@apache.org
zookeeper 1 06 +00 mahadev@apache.org
zookeeper 0 14 +00 camille@apache.org
zookeeper 1 20 +00 phun@apache.org
zookeeper 0 14 +00 camille@apache.org
zookeeper 0 18 +00 phun@apache.org
zookeeper 0 17 +00 phun@apache.org
zookeeper 1 21 +00 phun@apache.org
zookeeper 1 07 +00 mahadev@apache.org
zookeeper 1 20 +00 camille@apache.org
zookeeper 0 14 +00 camille@apache.org
zookeeper 1 19 +00 phun@apache.org
zookeeper 1 02 +00 mahadev@apache.org
zookeeper 1 01 +00 mahadev@apache.org
zookeeper 1 05 +00 breed@apache.org
zookeeper 1 01 +00 camille@apache.org
zookeeper 1 00 +00 phun@apache.org
zookeeper 1 00 +00 phun@apache.org
zookeeper 1 00 +00 phun@apache.org
zookeeper 1 00 +00 phun@apache.org
zookeeper 1 00 +00 phun@apache.org
zookeeper 1 22 +00 phun@apache.org
zookeeper 1 22 +00 phun@apache.org
zookeeper 1 22 +00 phun@apache.org
zookeeper 1 22 +00 phun@apache.org
zookeeper 1 07 +00 mahadev@apache.org
zookeeper 1 06 +00 mahadev@apache.org
zookeeper 1 05 +00 mahadev@apache.org
zookeeper 1 04 +00 mahadev@apache.org
zookeeper 1 04 +00 mahadev@apache.org
zookeeper 1 21 +00 mahadev@apache.org
zookeeper 1 02 +00 mahadev@apache.org
zookeeper 1 22 +00 camille@apache.org
zookeeper 1 20 +00 camille@apache.org
zookeeper 0 18 +00 phun@apache.org
zookeeper 1 23 +00 camille@apache.org
zookeeper 1 20 +00 phun@apache.org
zookeeper 1 20 +00 phun@apache.org
zookeeper 0 17 +00 phun@apache.org
zookeeper 1 20 +00 phun@apache.org
zookeeper 0 17 +00 phun@apache.org
zookeeper 1 07 +00 mahadev@apache.org
zookeeper 1 06 +00 mahadev@apache.org
zookeeper 1 06 +00 mahadev@apache.org
zookeeper 1 21 +00 phun@apache.org
zookeeper 1 21 +00 phun@apache.org
zookeeper 1 07 +00 mahadev@apache.org
zookeeper 1 00 +00 breed@apache.org
zookeeper 1 22 +00 mahadev@apache.org
zookeeper 1 20 +00 camille@apache.org
zookeeper 1 01 +00 mahadev@apache.org
zookeeper 1 00 +00 mahadev@apache.org
zookeeper 1 00 +00 mahadev@apache.org
zookeeper 1 00 +00 mahadev@apache.org
zookeeper 1 00 +00 mahadev@apache.org
zookeeper 1 17 +00 mahadev@apache.org
zookeeper 1 17 +00 mahadev@apache.org
zookeeper 1 16 +00 mahadev@apache.org
zookeeper 1 22 +00 phun@apache.org
zookeeper 1 19 +00 phun@apache.org
zookeeper 0 15 +00 camille@apache.org
zookeeper 1 06 +00 mahadev@apache.org
zookeeper 0 08 +00 mahadev@apache.org
zookeeper 1 23 +00 mahadev@apache.org
zookeeper 1 23 +00 mahadev@apache.org
zookeeper 1 22 +00 mahadev@apache.org
zookeeper 1 05 +00 breed@apache.org
zookeeper 1 22 +00 mahadev@apache.org
zookeeper 1 21 +00 mahadev@apache.org
zookeeper 1 20 +00 mahadev@apache.org
zookeeper 0 17 +00 mahadev@apache.org
zookeeper 1 21 +00 phun@apache.org
zookeeper 1 00 +00 michim@apache.org
zookeeper 1 04 +00 breed@apache.org
zookeeper 1 04 +00 breed@apache.org
zookeeper 0 17 +00 breed@apache.org
zookeeper 0 13 +00 camille@apache.org
zookeeper 1 22 +00 phun@apache.org
zookeeper 1 07 +00 mahadev@apache.org
zookeeper 1 05 +00 breed@apache.org
zookeeper 1 22 +00 breed@apache.org
zookeeper 1 05 +00 mahadev@apache.org
zookeeper 1 06 +00 henry@apache.org
zookeeper 0 16 +00 camille@apache.org
zookeeper 0 16 +00 camille@apache.org
zookeeper 1 19 +00 phun@apache.org
zookeeper 1 22 +00 phun@apache.org
zookeeper 0 17 +00 phun@apache.org
zookeeper 1 05 +00 breed@apache.org
zookeeper 1 23 +00 breed@apache.org
zookeeper 0 12 +00 fpj@apache.org
zookeeper 1 05 +00 breed@apache.org
zookeeper 1 20 +00 michim@apache.org
zookeeper 1 20 +00 michim@apache.org
zookeeper 0 17 +00 michim@apache.org
zookeeper 1 20 +00 camille@apache.org
zookeeper 1 22 +00 camille@apache.org
zookeeper 1 20 +00 camille@apache.org
zookeeper 1 23 +00 henry@apache.org
zookeeper 1 23 +00 henry@apache.org
zookeeper 0 17 +00 mahadev@apache.org
zookeeper 0 17 +00 mahadev@apache.org
zookeeper 1 06 +00 mahadev@apache.org
zookeeper 1 21 +00 mahadev@apache.org
zookeeper 0 17 +00 michim@apache.org
zookeeper 0 16 +00 fpj@apache.org
zookeeper 0 16 +00 fpj@apache.org
zookeeper 1 07 +00 michim@apache.org
zookeeper 1 20 +00 mahadev@apache.org
zookeeper 0 16 +00 phun@apache.org
zookeeper 0 16 +00 phun@apache.org
zookeeper 1 21 +00 breed@apache.org
zookeeper 0 17 +00 breed@apache.org
zookeeper 1 19 +00 breed@apache.org
zookeeper 1 23 +00 breed@apache.org
zookeeper 1 01 +00 breed@apache.org
zookeeper 0 18 +00 breed@apache.org
zookeeper 0 17 +00 breed@apache.org
zookeeper 0 15 +00 fpj@apache.org
zookeeper 1 20 +00 mahadev@apache.org
zookeeper 0 18 +00 mahadev@apache.org
zookeeper 1 07 +00 phun@apache.org
zookeeper 1 07 +00 phun@apache.org
zookeeper 1 06 +00 phun@apache.org
zookeeper 0 17 +00 breed@apache.org
zookeeper 1 23 +00 mahadev@apache.org
zookeeper 1 19 +00 mahadev@apache.org
zookeeper 1 03 +00 mahadev@apache.org
zookeeper 1 19 +00 phun@apache.org
zookeeper 1 19 +00 breed@apache.org
zookeeper 0 16 +00 breed@apache.org
zookeeper 1 01 +00 henry@apache.org
zookeeper 1 00 +00 henry@apache.org
zookeeper 0 12 +00 fpj@apache.org
zookeeper 1 19 +00 mahadev@apache.org
zookeeper 1 03 +00 mahadev@apache.org
zookeeper 1 19 +00 breed@apache.org
zookeeper 1 19 +00 mahadev@apache.org
zookeeper 1 19 +00 mahadev@apache.org
zookeeper 1 20 +00 breed@apache.org
zookeeper 1 21 +00 phun@apache.org
zookeeper 0 18 +00 nigel@apache.org
zookeeper 0 14 +00 fpj@apache.org
zookeeper 0 18 +00 breed@apache.org
zookeeper 0 17 +00 phun@apache.org
zookeeper 1 22 +00 phun@apache.org
zookeeper 0 18 +00 nigel@apache.org
zookeeper 0 18 +00 nigel@apache.org
zookeeper 0 18 +00 nigel@apache.org
zookeeper 0 08 +00 nigel@apache.org
zookeeper 1 07 +00 nigel@apache.org
zookeeper 1 07 +00 nigel@apache.org
zookeeper 1 06 +00 breed@apache.org
zookeeper 1 05 +00 breed@apache.org
zookeeper 0 16 +00 breed@apache.org
zookeeper 0 18 +00 mahadev@apache.org
zookeeper 0 16 +00 mahadev@apache.org
zookeeper 1 22 +00 mahadev@apache.org
zookeeper 1 22 +00 mahadev@apache.org
zookeeper 1 00 +00 phun@apache.org
zookeeper 0 18 +00 phun@apache.org
zookeeper 0 16 +00 phun@apache.org
zookeeper 1 22 +00 phun@apache.org
zookeeper 0 18 +00 henry@apache.org
zookeeper 1 21 +00 fpj@apache.org
zookeeper 1 05 +00 breed@apache.org
zookeeper 1 20 +00 breed@apache.org
zookeeper 1 19 +00 breed@apache.org
zookeeper 0 17 +00 phun@apache.org
zookeeper 0 16 +00 phun@apache.org
zookeeper 1 22 +00 mahadev@apache.org
zookeeper 1 06 +00 phun@apache.org
zookeeper 0 16 +00 breed@apache.org
zookeeper 1 05 +00 phun@apache.org
zookeeper 1 21 +00 phun@apache.org
zookeeper 0 16 +00 breed@apache.org
zookeeper 0 18 +00 phun@apache.org
zookeeper 0 18 +00 mahadev@apache.org
zookeeper 1 21 +00 henry@apache.org
zookeeper 1 16 +00 mahadev@apache.org
zookeeper 1 02 +00 henry@apache.org
zookeeper 1 21 +00 mahadev@apache.org
zookeeper 1 06 +00 phun@apache.org
zookeeper 1 05 +00 phun@apache.org
zookeeper 1 07 +00 phun@apache.org
zookeeper 1 07 +00 mahadev@apache.org
zookeeper 1 21 +00 mahadev@apache.org
zookeeper 0 15 +00 mahadev@apache.org
zookeeper 1 22 +00 mahadev@apache.org
zookeeper 1 22 +00 mahadev@apache.org
zookeeper 1 21 +00 mahadev@apache.org
zookeeper 1 04 +00 breed@apache.org
zookeeper 1 06 +00 phun@apache.org
zookeeper 1 21 +00 breed@apache.org
zookeeper 1 20 +00 breed@apache.org
zookeeper 1 21 +00 phun@apache.org
zookeeper 1 20 +00 phun@apache.org
zookeeper 1 19 +00 phun@apache.org
zookeeper 1 19 +00 phun@apache.org
zookeeper 0 18 +00 phun@apache.org
zookeeper 1 20 +00 phun@apache.org
zookeeper 0 15 +00 phun@apache.org
zookeeper 0 16 +00 henry@apache.org
zookeeper 1 07 +00 phun@apache.org
zookeeper 1 06 +00 phun@apache.org
zookeeper 1 23 +00 phun@apache.org
zookeeper 1 07 +00 fpj@apache.org
zookeeper 1 20 +00 fpj@apache.org
zookeeper 1 22 +00 mahadev@apache.org
zookeeper 1 21 +00 phun@apache.org
zookeeper 1 20 +00 mahadev@apache.org
zookeeper 1 21 +00 mahadev@apache.org
zookeeper 1 21 +00 phun@apache.org
zookeeper 1 22 +00 henry@apache.org
zookeeper 1 01 +00 henry@apache.org
zookeeper 1 22 +00 phun@apache.org
zookeeper 1 19 +00 phun@apache.org
zookeeper 0 18 +00 phun@apache.org
zookeeper 1 04 +00 henry@apache.org
zookeeper 1 06 +00 phun@apache.org
zookeeper 1 05 +00 phun@apache.org
zookeeper 1 07 +00 henry@apache.org
zookeeper 1 06 +00 phun@apache.org
zookeeper 1 06 +00 phun@apache.org
zookeeper 0 18 +00 mahadev@apache.org
zookeeper 0 14 +00 mahadev@apache.org
zookeeper 1 04 +00 mahadev@apache.org
zookeeper 0 18 +00 phun@apache.org
zookeeper 0 18 +00 phun@apache.org
zookeeper 0 17 +00 mahadev@apache.org
zookeeper 0 17 +00 mahadev@apache.org
zookeeper 0 17 +00 mahadev@apache.org
zookeeper 1 06 +00 breed@apache.org
zookeeper 0 18 +00 breed@apache.org
zookeeper 1 06 +00 phun@apache.org
zookeeper 1 06 +00 phun@apache.org
zookeeper 1 22 +00 phun@apache.org
zookeeper 1 04 +00 mahadev@apache.org
zookeeper 1 00 +00 mahadev@apache.org
zookeeper 1 23 +00 breed@apache.org
zookeeper 1 22 +00 breed@apache.org
zookeeper 1 21 +00 phun@apache.org
zookeeper 1 04 +00 mahadev@apache.org
zookeeper 1 00 +00 phun@apache.org
zookeeper 1 22 +00 mahadev@apache.org
zookeeper 1 21 +00 mahadev@apache.org
zookeeper 0 18 +00 mahadev@apache.org
zookeeper 0 14 +00 fpj@apache.org
zookeeper 1 03 +00 mahadev@apache.org
zookeeper 0 18 +00 phun@apache.org
zookeeper 0 18 +00 mahadev@apache.org
zookeeper 0 16 +00 breed@apache.org
zookeeper 1 01 +00 breed@apache.org
zookeeper 1 20 +00 mahadev@apache.org
zookeeper 1 04 +00 breed@apache.org
zookeeper 1 02 +00 mahadev@apache.org
zookeeper 1 02 +00 mahadev@apache.org
zookeeper 1 01 +00 mahadev@apache.org
zookeeper 1 01 +00 henry@apache.org
zookeeper 1 01 +00 phun@apache.org
zookeeper 1 05 +00 mahadev@apache.org
zookeeper 1 22 +00 mahadev@apache.org
zookeeper 1 03 +00 mahadev@apache.org
zookeeper 1 02 +00 mahadev@apache.org
zookeeper 1 22 +00 mahadev@apache.org
zookeeper 1 20 +00 mahadev@apache.org
zookeeper 1 01 +00 mahadev@apache.org
zookeeper 1 23 +00 mahadev@apache.org
zookeeper 1 22 +00 mahadev@apache.org
zookeeper 1 20 +00 mahadev@apache.org
zookeeper 0 18 +00 mahadev@apache.org
zookeeper 1 14 +00 fpj@apache.org
zookeeper 1 00 +00 breed@apache.org
zookeeper 1 07 +00 mahadev@apache.org
zookeeper 1 06 +00 mahadev@apache.org
zookeeper 1 06 +00 mahadev@apache.org
zookeeper 1 02 +00 mahadev@apache.org
zookeeper 1 02 +00 mahadev@apache.org
zookeeper 1 02 +00 mahadev@apache.org
zookeeper 1 22 +00 mahadev@apache.org
zookeeper 1 22 +00 mahadev@apache.org
zookeeper 1 23 +00 mahadev@apache.org
zookeeper 1 03 +00 mahadev@apache.org
zookeeper 1 02 +00 mahadev@apache.org
zookeeper 1 02 +00 mahadev@apache.org
zookeeper 1 02 +00 mahadev@apache.org
zookeeper 1 01 +00 mahadev@apache.org
zookeeper 1 00 +00 mahadev@apache.org
zookeeper 1 03 +00 mahadev@apache.org
zookeeper 1 03 +00 henry@apache.org
zookeeper 1 00 +00 mahadev@apache.org
zookeeper 1 00 +00 mahadev@apache.org
zookeeper 1 21 +00 henry@apache.org
zookeeper 1 03 +00 mahadev@apache.org
zookeeper 1 01 +00 mahadev@apache.org
zookeeper 1 20 +00 henry@apache.org
zookeeper 1 20 +00 mahadev@apache.org
zookeeper 1 22 +00 breed@apache.org
zookeeper 1 22 +00 breed@apache.org
zookeeper 0 08 +00 fpj@apache.org
zookeeper 0 17 +00 breed@apache.org
zookeeper 0 17 +00 breed@apache.org
zookeeper 0 17 +00 breed@apache.org
zookeeper 0 14 +00 fpj@apache.org
zookeeper 1 02 +00 mahadev@apache.org
zookeeper 1 23 +00 mahadev@apache.org
zookeeper 1 22 +00 breed@apache.org
zookeeper 1 19 +00 breed@apache.org
zookeeper 0 17 +00 breed@apache.org
zookeeper 1 23 +00 mahadev@apache.org
zookeeper 1 23 +00 mahadev@apache.org
zookeeper 0 18 +00 phun@apache.org
zookeeper 0 18 +00 phun@apache.org
zookeeper 1 22 +00 breed@apache.org
zookeeper 1 23 +00 mahadev@apache.org
zookeeper 1 22 +00 henry@apache.org
zookeeper 1 21 +00 mahadev@apache.org
zookeeper 1 20 +00 breed@apache.org
zookeeper 1 19 +00 breed@apache.org
zookeeper 1 01 +00 mahadev@apache.org
zookeeper 1 22 +00 mahadev@apache.org
zookeeper 1 23 +00 mahadev@apache.org
zookeeper 1 22 +00 mahadev@apache.org
zookeeper 1 02 +00 mahadev@apache.org
zookeeper 0 18 +00 breed@apache.org
zookeeper 0 12 +00 fpj@apache.org
zookeeper 0 13 +00 breed@apache.org
zookeeper 1 19 +00 mahadev@apache.org
zookeeper 1 22 +00 mahadev@apache.org
zookeeper 1 19 +00 phun@apache.org
zookeeper 1 21 +00 phun@apache.org
zookeeper 1 19 +00 mahadev@apache.org
zookeeper 0 17 +00 breed@apache.org
zookeeper 0 17 +00 breed@apache.org
zookeeper 0 17 +00 breed@apache.org
zookeeper 1 23 +00 breed@apache.org
zookeeper 1 22 +00 mahadev@apache.org
zookeeper 1 21 +00 mahadev@apache.org
zookeeper 1 21 +00 breed@apache.org
zookeeper 1 20 +00 breed@apache.org
zookeeper 1 19 +00 breed@apache.org
zookeeper 1 22 +00 breed@apache.org
zookeeper 1 21 +00 fpj@apache.org
zookeeper 1 07 +00 breed@apache.org
zookeeper 1 00 +00 breed@apache.org
zookeeper 1 21 +00 phun@apache.org
zookeeper 1 23 +00 mahadev@apache.org
zookeeper 0 16 +00 mahadev@apache.org
zookeeper 1 21 +00 mahadev@apache.org
zookeeper 1 04 +00 phun@apache.org
zookeeper 1 21 +00 mahadev@apache.org
zookeeper 1 21 +00 mahadev@apache.org
zookeeper 1 19 +00 phun@apache.org
zookeeper 1 00 +00 phun@apache.org
zookeeper 1 23 +00 phun@apache.org
zookeeper 1 00 +00 mahadev@apache.org
zookeeper 0 18 +00 mahadev@apache.org
zookeeper 1 22 +00 mahadev@apache.org
zookeeper 1 00 +00 phun@apache.org
zookeeper 1 21 +00 phun@apache.org
zookeeper 0 18 +00 mahadev@apache.org
zookeeper 1 21 +00 mahadev@apache.org
zookeeper 1 20 +00 mahadev@apache.org
zookeeper 1 06 +00 mahadev@apache.org
zookeeper 1 22 +00 mahadev@apache.org
zookeeper 1 00 +00 phun@apache.org
zookeeper 0 18 +00 phun@apache.org
zookeeper 1 05 +00 mahadev@apache.org
zookeeper 1 21 +00 mahadev@apache.org
zookeeper 1 06 +00 phun@apache.org
zookeeper 1 05 +00 phun@apache.org
zookeeper 1 00 +00 mahadev@apache.org
zookeeper 1 22 +00 mahadev@apache.org
zookeeper 1 21 +00 mahadev@apache.org
zookeeper 0 18 +00 phun@apache.org
zookeeper 1 23 +00 mahadev@apache.org
zookeeper 0 18 +00 breed@apache.org
zookeeper 1 21 +00 phun@apache.org
zookeeper 1 21 +00 phun@apache.org
zookeeper 0 18 +00 mahadev@apache.org
zookeeper 0 17 +00 mahadev@apache.org
zookeeper 1 01 +00 phun@apache.org
zookeeper 1 22 +00 mahadev@apache.org
zookeeper 1 21 +00 mahadev@apache.org
zookeeper 1 20 +00 phun@apache.org
zookeeper 1 19 +00 phun@apache.org
zookeeper 1 22 +00 mahadev@apache.org
zookeeper 1 21 +00 mahadev@apache.org
zookeeper 1 06 +00 gkesavan@apache.org
zookeeper 1 21 +00 mahadev@apache.org
zookeeper 1 22 +00 mahadev@apache.org
zookeeper 1 01 +00 mahadev@apache.org
zookeeper 1 23 +00 mahadev@apache.org
zookeeper 1 22 +00 mahadev@apache.org
zookeeper 0 14 +00 fpj@apache.org
zookeeper 0 16 +00 gkesavan@apache.org
zookeeper 0 16 +00 phun@apache.org
zookeeper 1 21 +00 phun@apache.org
zookeeper 1 21 +00 phun@apache.org
zookeeper 1 21 +00 phun@apache.org
zookeeper 1 20 +00 phun@apache.org
zookeeper 1 20 +00 mahadev@apache.org
zookeeper 1 01 +00 mahadev@apache.org
zookeeper 1 01 +00 mahadev@apache.org
zookeeper 1 00 +00 phun@apache.org
zookeeper 1 21 +00 mahadev@apache.org
zookeeper 1 20 +00 mahadev@apache.org
zookeeper 0 18 +00 mahadev@apache.org
zookeeper 1 22 +00 mahadev@apache.org
zookeeper 1 20 +00 mahadev@apache.org
zookeeper 1 01 +00 mahadev@apache.org
zookeeper 1 22 +00 mahadev@apache.org
zookeeper 1 05 +00 breed@apache.org
zookeeper 1 19 +00 mahadev@apache.org
zookeeper 0 18 +00 mahadev@apache.org
zookeeper 1 20 +00 mahadev@apache.org
zookeeper 1 20 +00 mahadev@apache.org
zookeeper 1 22 +00 breed@apache.org
zookeeper 1 20 +00 breed@apache.org
zookeeper 0 16 +00 mahadev@apache.org
zookeeper 1 01 +00 mahadev@apache.org
zookeeper 0 17 +00 mahadev@apache.org
zookeeper 1 23 +00 mahadev@apache.org
zookeeper 1 22 +00 mahadev@apache.org
zookeeper 1 20 +00 mahadev@apache.org
zookeeper 1 23 +00 mahadev@apache.org
zookeeper 1 19 +00 mahadev@apache.org
zookeeper 0 16 +00 breed@apache.org
zookeeper 1 05 +00 breed@apache.org
zookeeper 1 05 +00 breed@apache.org
zookeeper 1 05 +00 breed@apache.org
zookeeper 1 05 +00 breed@apache.org
zookeeper 1 05 +00 breed@apache.org
zookeeper 1 21 +00 mahadev@apache.org
zookeeper 1 20 +00 mahadev@apache.org
zookeeper 1 04 +00 breed@apache.org
zookeeper 1 05 +00 breed@apache.org
zookeeper 1 05 +00 breed@apache.org
zookeeper 1 21 +00 breed@apache.org
zookeeper 1 21 +00 phun@apache.org
zookeeper 1 22 +00 mahadev@apache.org
zookeeper 0 18 +00 phun@apache.org
zookeeper 1 05 +00 mahadev@apache.org
zookeeper 1 04 +00 mahadev@apache.org
zookeeper 1 19 +00 breed@apache.org
zookeeper 1 19 +00 breed@apache.org
zookeeper 1 07 +00 phun@apache.org
zookeeper 1 07 +00 phun@apache.org
zookeeper 1 21 +00 phun@apache.org
zookeeper 1 22 +00 phun@apache.org
zookeeper 1 20 +00 breed@apache.org
zookeeper 0 18 +00 breed@apache.org
zookeeper 0 18 +00 breed@apache.org
zookeeper 0 18 +00 breed@apache.org
zookeeper 0 18 +00 breed@apache.org
zookeeper 0 18 +00 breed@apache.org
zookeeper 0 17 +00 breed@apache.org
zookeeper 1 21 +00 mahadev@apache.org
zookeeper 1 20 +00 mahadev@apache.org
zookeeper 1 19 +00 mahadev@apache.org
zookeeper 0 17 +00 mahadev@apache.org
zookeeper 0 08 +00 fpj@apache.org
zookeeper 1 06 +00 mahadev@apache.org
zookeeper 1 20 +00 mahadev@apache.org
zookeeper 1 05 +00 mahadev@apache.org
zookeeper 1 22 +00 mahadev@apache.org
zookeeper 1 22 +00 mahadev@apache.org
zookeeper 1 22 +00 mahadev@apache.org
zookeeper 1 22 +00 mahadev@apache.org
zookeeper 0 08 +00 fpj@apache.org
zookeeper 1 04 +00 mahadev@apache.org
zookeeper 1 19 +00 phun@apache.org
zookeeper 1 19 +00 phun@apache.org
zookeeper 0 18 +00 mahadev@apache.org
zookeeper 0 18 +00 mahadev@apache.org
zookeeper 1 21 +00 phun@apache.org
zookeeper 0 17 +00 phun@apache.org
zookeeper 1 22 +00 mahadev@apache.org
zookeeper 1 21 +00 mahadev@apache.org
zookeeper 1 20 +00 mahadev@apache.org
zookeeper 0 18 +00 phun@apache.org
zookeeper 1 22 +00 mahadev@apache.org
zookeeper 1 20 +00 mahadev@apache.org
zookeeper 1 04 +00 mahadev@apache.org
zookeeper 0 16 +00 phun@apache.org
zookeeper 1 21 +00 mahadev@apache.org
zookeeper 1 22 +00 mahadev@apache.org
zookeeper 1 21 +00 mahadev@apache.org
zookeeper 1 02 +00 mahadev@apache.org
zookeeper 1 22 +00 mahadev@apache.org
zookeeper 1 22 +00 mahadev@apache.org
zookeeper 1 21 +00 mahadev@apache.org
zookeeper 1 21 +00 mahadev@apache.org
zookeeper 1 00 +00 mahadev@apache.org
zookeeper 1 21 +00 mahadev@apache.org
zookeeper 0 17 +00 mahadev@apache.org
zookeeper 1 05 +00 mahadev@apache.org
zookeeper 1 01 +00 mahadev@apache.org
zookeeper 1 00 +00 mahadev@apache.org
zookeeper 1 00 +00 mahadev@apache.org
zookeeper 1 00 +00 mahadev@apache.org
zookeeper 0 16 +00 mahadev@apache.org
zookeeper 1 00 +00 phun@apache.org
zookeeper 1 00 +00 phun@apache.org
zookeeper 1 00 +00 mahadev@apache.org
zookeeper 1 22 +00 phun@apache.org
zookeeper 1 21 +00 phun@apache.org
zookeeper 1 22 +00 mahadev@apache.org
zookeeper 1 20 +00 mahadev@apache.org
zookeeper 1 19 +00 mahadev@apache.org
zookeeper 1 19 +00 mahadev@apache.org
zookeeper 1 23 +00 mahadev@apache.org
zookeeper 1 00 +00 mahadev@apache.org
zookeeper 0 18 +00 mahadev@apache.org
zookeeper 1 21 +00 mahadev@apache.org
zookeeper 1 21 +00 mahadev@apache.org
zookeeper 1 19 +00 mahadev@apache.org
zookeeper 1 22 +00 phun@apache.org
zookeeper 1 22 +00 phun@apache.org
zookeeper 1 22 +00 mahadev@apache.org
zookeeper 1 05 +00 mahadev@apache.org
zookeeper 1 05 +00 mahadev@apache.org
zookeeper 1 05 +00 mahadev@apache.org
zookeeper 1 23 +00 phun@apache.org
zookeeper 1 22 +00 mahadev@apache.org
zookeeper 1 21 +00 breed@apache.org
zookeeper 1 01 +00 phun@apache.org
zookeeper 1 01 +00 phun@apache.org
zookeeper 1 01 +00 phun@apache.org
zookeeper 1 23 +00 mahadev@apache.org
zookeeper 1 20 +00 phun@apache.org
zookeeper 1 19 +00 mahadev@apache.org
zookeeper 1 23 +00 mahadev@apache.org
zookeeper 1 23 +00 mahadev@apache.org
zookeeper 1 23 +00 mahadev@apache.org
zookeeper 1 00 +00 mahadev@apache.org
zookeeper 1 00 +00 mahadev@apache.org
zookeeper 1 00 +00 breed@apache.org
zookeeper 1 00 +00 breed@apache.org
zookeeper 1 19 +00 mahadev@apache.org
zookeeper 0 17 +00 mahadev@apache.org
zookeeper 0 15 +00 breed@apache.org
zookeeper 1 23 +00 breed@apache.org
zookeeper 1 22 +00 phun@apache.org
zookeeper 1 22 +00 mahadev@apache.org
zookeeper 1 21 +00 mahadev@apache.org
zookeeper 1 21 +00 mahadev@apache.org
zookeeper 1 21 +00 mahadev@apache.org
zookeeper 1 23 +00 mahadev@apache.org
zookeeper 1 22 +00 mahadev@apache.org
zookeeper 1 22 +00 mahadev@apache.org
zookeeper 1 21 +00 mahadev@apache.org
zookeeper 1 22 +00 mahadev@apache.org
zookeeper 1 00 +00 mahadev@apache.org
zookeeper 1 20 +00 mahadev@apache.org
zookeeper 1 21 +00 phun@apache.org
zookeeper 1 21 +00 phun@apache.org
zookeeper 1 00 +00 mahadev@apache.org
zookeeper 1 00 +00 mahadev@apache.org
zookeeper 1 00 +00 phun@apache.org
zookeeper 1 22 +00 mahadev@apache.org
zookeeper 1 22 +00 mahadev@apache.org
zookeeper 1 05 +00 mahadev@apache.org
zookeeper 1 05 +00 mahadev@apache.org
zookeeper 1 00 +00 mahadev@apache.org
zookeeper 1 20 +00 mahadev@apache.org
zookeeper 1 20 +00 mahadev@apache.org
zookeeper 1 20 +00 mahadev@apache.org
zookeeper 0 10 +00 mahadev@apache.org
zookeeper 1 01 +00 phun@apache.org
zookeeper 1 23 +00 mahadev@apache.org
zookeeper 1 23 +00 mahadev@apache.org
zookeeper 1 23 +00 mahadev@apache.org
zookeeper 1 20 +00 mahadev@apache.org
zookeeper 0 17 +00 mahadev@apache.org
zookeeper 1 00 +00 mahadev@apache.org
zookeeper 1 23 +00 mahadev@apache.org
zookeeper 1 23 +00 mahadev@apache.org
zookeeper 0 16 +00 mahadev@apache.org
zookeeper 1 05 +00 phun@apache.org
zookeeper 1 05 +00 phun@apache.org
zookeeper 1 03 +00 phun@apache.org
zookeeper 1 01 +00 phun@apache.org
zookeeper 1 01 +00 phun@apache.org
zookeeper 1 00 +00 phun@apache.org
zookeeper 1 23 +00 mahadev@apache.org
zookeeper 0 18 +00 phun@apache.org
zookeeper 0 17 +00 phun@apache.org
zookeeper 1 04 +00 phun@apache.org
zookeeper 1 04 +00 phun@apache.org
zookeeper 1 21 +00 phun@apache.org
zookeeper 1 00 +00 phun@apache.org
zookeeper 1 00 +00 phun@apache.org
zookeeper 1 22 +00 phun@apache.org
zookeeper 1 21 +00 phun@apache.org
zookeeper 1 20 +00 phun@apache.org
zookeeper 0 16 +00 phun@apache.org
zookeeper 0 16 +00 phun@apache.org
zookeeper 1 04 +00 phun@apache.org
zookeeper 1 04 +00 phun@apache.org
zookeeper 1 23 +00 phun@apache.org
zookeeper 1 21 +00 phun@apache.org
zookeeper 1 20 +00 phun@apache.org
zookeeper 1 20 +00 phun@apache.org
zookeeper 1 20 +00 phun@apache.org
zookeeper 0 17 +00 mahadev@apache.org
zookeeper 0 16 +00 fpj@apache.org
zookeeper 1 23 +00 breed@apache.org
zookeeper 1 22 +00 phun@apache.org
zookeeper 0 13 +00 phun@apache.org
zookeeper 0 18 +00 phun@apache.org
zookeeper 0 18 +00 phun@apache.org
zookeeper 0 18 +00 phun@apache.org
zookeeper 0 18 +00 phun@apache.org
zookeeper 1 09 +00 fpj@apache.org
zookeeper 1 23 +00 phun@apache.org
zookeeper 1 23 +00 phun@apache.org
zookeeper 0 13 +00 fpj@apache.org
zookeeper 1 22 +00 phun@apache.org
zookeeper 1 19 +00 phun@apache.org
zookeeper 0 08 +00 breed@apache.org
zookeeper 1 06 +00 breed@apache.org
zookeeper 1 02 +00 phun@apache.org
zookeeper 0 11 +00 fpj@apache.org
zookeeper 0 18 +00 phun@apache.org
zookeeper 1 22 +00 phun@apache.org
zookeeper 1 22 +00 phun@apache.org
zookeeper 1 21 +00 phun@apache.org
zookeeper 1 01 +00 phun@apache.org
zookeeper 1 21 +00 breed@apache.org
zookeeper 1 21 +00 breed@apache.org
zookeeper 1 21 +00 breed@apache.org
zookeeper 1 01 +00 mahadev@apache.org
zookeeper 0 17 +00 mahadev@apache.org
zookeeper 0 17 +00 phun@apache.org
zookeeper 0 17 +00 phun@apache.org
zookeeper 0 16 +00 phun@apache.org
zookeeper 1 20 +00 breed@apache.org
zookeeper 1 20 +00 breed@apache.org
zookeeper 0 14 +00 breed@apache.org
zookeeper 0 17 +00 breed@apache.org
zookeeper 1 23 +00 breed@apache.org
zookeeper 1 19 +00 mahadev@apache.org
zookeeper 1 05 +00 mahadev@apache.org
zookeeper 1 21 +00 mahadev@apache.org
zookeeper 0 18 +00 mahadev@apache.org
zookeeper 0 17 +00 mahadev@apache.org
zookeeper 1 22 +00 mahadev@apache.org
zookeeper 0 18 +00 akornev@apache.org
zookeeper 0 17 +00 mahadev@apache.org
zookeeper 1 21 +00 mahadev@apache.org
zookeeper 0 17 +00 mahadev@apache.org
zookeeper 1 05 +00 phun@apache.org
zookeeper 0 17 +00 fpj@apache.org
zookeeper 1 20 +00 mahadev@apache.org
zookeeper 1 20 +00 mahadev@apache.org
zookeeper 1 00 +00 mahadev@apache.org
zookeeper 1 21 +00 phun@apache.org
zookeeper 1 20 +00 phun@apache.org
zookeeper 0 18 +00 mahadev@apache.org
zookeeper 1 12 +00 fpj@apache.org
zookeeper 1 21 +00 phun@apache.org
zookeeper 1 21 +00 akornev@apache.org
zookeeper 1 19 +00 akornev@apache.org
zookeeper 0 17 +00 phun@apache.org
zookeeper 0 18 +00 phun@apache.org
zookeeper 1 23 +00 phun@apache.org
zookeeper 1 23 +00 mahadev@apache.org
zookeeper 1 21 +00 mahadev@apache.org
zookeeper 1 22 +00 phun@apache.org
zookeeper 1 00 +00 phun@apache.org
zookeeper 1 23 +00 akornev@apache.org
zookeeper 0 16 +00 phun@apache.org
zookeeper 1 23 +00 mahadev@apache.org
zookeeper 1 21 +00 phun@apache.org
zookeeper 1 19 +00 phun@apache.org
zookeeper 1 19 +00 phun@apache.org
zookeeper 1 19 +00 phun@apache.org
zookeeper 1 19 +00 phun@apache.org
zookeeper 0 18 +00 phun@apache.org
zookeeper 0 18 +00 phun@apache.org
zookeeper 0 17 +00 phun@apache.org
zookeeper 0 17 +00 phun@apache.org
zookeeper 0 17 +00 phun@apache.org
zookeeper 0 17 +00 phun@apache.org
zookeeper 0 17 +00 phun@apache.org
zookeeper 0 17 +00 phun@apache.org
zookeeper 0 17 +00 phun@apache.org
zookeeper 0 17 +00 phun@apache.org
zookeeper 0 17 +00 phun@apache.org
zookeeper 0 17 +00 phun@apache.org
zookeeper 0 17 +00 phun@apache.org
zookeeper 0 16 +00 phun@apache.org
zookeeper 0 16 +00 phun@apache.org
zookeeper 1 19 +00 breed@apache.org
zookeeper 1 19 +00 breed@apache.org
zookeeper 0 18 +00 breed@apache.org
zookeeper 0 15 +00 breed@apache.org
zookeeper 1 20 +00 dev-null@apache.org
zookeeper 1 19 +00 dev-null@apache.org
zookeeper 1 23 +00 dev-null@apache.org
zookeeper 1 23 +00 dev-null@apache.org
zookeeper 1 23 +00 breed@apache.org
zookeeper 1 22 +00 akornev@apache.org
zookeeper 1 21 +00 akornev@apache.org
zookeeper 1 01 +00 fpj@apache.org
zookeeper 1 19 +00 akornev@apache.org
zookeeper 1 22 +00 akornev@apache.org
zookeeper 1 21 +00 akornev@apache.org
zookeeper 1 21 +00 akornev@apache.org
zookeeper 1 20 +00 dev-null@apache.org
zookeeper 0 18 +00 dev-null@apache.org
zookeeper 1 19 +00 akornev@apache.org
zookeeper 0 18 +00 dev-null@apache.org
zookeeper 1 00 +00 akornev@apache.org
zookeeper 1 23 +00 breed@apache.org
zookeeper 1 23 +00 akornev@apache.org
zookeeper 1 23 +00 akornev@apache.org
zookeeper 1 19 +00 dev-null@apache.org
zookeeper 1 19 +00 akornev@apache.org
zookeeper 1 05 +00 dev-null@apache.org
zookeeper 1 01 +00 akornev@apache.org
zookeeper 1 23 +00 breed@apache.org
zookeeper 1 22 +00 breed@apache.org
zookeeper 1 22 +00 breed@apache.org
zookeeper 1 22 +00 breed@apache.org
zookeeper 1 21 +00 akornev@apache.org
zookeeper 0 16 +00 breed@apache.org
zookeeper 0 16 +00 breed@apache.org
zookeeper 0 17 +00 breed@apache.org
zookeeper 1 22 +00 breed@apache.org
zookeeper 0 15 +00 breed@apache.org
zookeeper 0 17 +00 dev-null@apache.org
zookeeper 1 04 +00 breed@apache.org
zookeeper 1 21 +00 dev-null@apache.org
zookeeper 1 01 +00 akornev@apache.org
zookeeper 1 00 +00 akornev@apache.org
zookeeper 1 00 +00 akornev@apache.org
zookeeper 1 23 +00 akornev@apache.org
zookeeper 1 23 +00 akornev@apache.org
zookeeper 1 22 +00 akornev@apache.org
zookeeper 1 22 +00 akornev@apache.org
zookeeper 1 19 +00 akornev@apache.org
zookeeper 1 22 +00 dev-null@apache.org
zookeeper 1 00 +00 akornev@apache.org
zookeeper 1 00 +00 akornev@apache.org
zookeeper 1 00 +00 akornev@apache.org
zookeeper 1 22 +00 breed@apache.org
zookeeper 1 20 +00 breed@apache.org
zookeeper 1 22 +00 akornev@apache.org
zookeeper 1 21 +00 breed@apache.org
zookeeper 0 18 +00 dev-null@apache.org
zookeeper 1 21 +00 breed@apache.org
zookeeper 0 14 +00 fpj@apache.org
zookeeper 0 14 +00 fpj@apache.org
zookeeper 1 00 +00 akornev@apache.org
zookeeper 1 22 +00 akornev@apache.org
zookeeper 0 15 +00 breed@apache.org
zookeeper 1 01 +00 akornev@apache.org
zookeeper 1 01 +00 akornev@apache.org
zookeeper 1 01 +00 akornev@apache.org
zookeeper 1 01 +00 akornev@apache.org
zookeeper 1 22 +00 akornev@apache.org
zookeeper 1 20 +00 akornev@apache.org
zookeeper 1 21 +00 akornev@apache.org
zookeeper 1 21 +00 akornev@apache.org
zookeeper 1 21 +00 akornev@apache.org
zookeeper 1 21 +00 akornev@apache.org
zookeeper 1 21 +00 akornev@apache.org
zookeeper 0 18 +00 dev-null@apache.org
zookeeper 1 22 +00 akornev@apache.org
zookeeper 1 22 +00 akornev@apache.org
zookeeper 1 20 +00 akornev@apache.org
zookeeper 1 23 +00 akornev@apache.org
zookeeper 1 23 +00 akornev@apache.org
zookeeper 1 21 +00 akornev@apache.org
zookeeper 1 00 +00 akornev@apache.org
zookeeper 1 00 +00 akornev@apache.org
zookeeper 1 00 +00 akornev@apache.org
zookeeper 1 00 +00 akornev@apache.org
zookeeper 0 18 +00 akornev@apache.org
zookeeper 0 18 +00 akornev@apache.org
zookeeper 0 18 +00 akornev@apache.org
zookeeper 0 18 +00 akornev@apache.org
zookeeper 0 18 +00 akornev@apache.org
zookeeper 1 20 +00 akornev@apache.org
zookeeper 1 01 +00 akornev@apache.org
zookeeper 1 01 +00 akornev@apache.org
zookeeper 1 01 +00 akornev@apache.org
zookeeper 1 01 +00 akornev@apache.org
zookeeper 1 01 +00 akornev@apache.org
zookeeper 1 01 +00 akornev@apache.org
zookeeper 1 00 +00 akornev@apache.org
zookeeper 1 20 +00 breed@apache.org
zookeeper 0 18 +00 dev-null@apache.org
zookeeper 0 18 +00 dev-null@apache.org
zookeeper 1 23 +00 dev-null@apache.org
zookeeper 1 20 +00 dev-null@apache.org
zookeeper 0 18 +00 breed@apache.org
zookeeper 1 22 +00 dev-null@apache.org
zookeeper 1 21 +00 akornev@apache.org
zookeeper 1 21 +00 akornev@apache.org
zookeeper 1 21 +00 akornev@apache.org
zookeeper 1 01 +00 dev-null@apache.org
zookeeper 0 18 +00 akornev@apache.org
zookeeper 1 23 +00 breed@apache.org
zookeeper 1 23 +00 breed@apache.org
zookeeper 0 18 +00 dev-null@apache.org
zookeeper 1 00 +00 akornev@apache.org
zookeeper 1 23 +00 breed@apache.org
zookeeper 1 23 +00 akornev@apache.org
zookeeper 1 23 +00 akornev@apache.org
zookeeper 1 23 +00 akornev@apache.org
zookeeper 1 04 +00 akornev@apache.org
zookeeper 1 00 +00 dev-null@apache.org
zookeeper 0 18 +00 breed@apache.org
zookeeper 1 21 +00 akornev@apache.org
zookeeper 1 20 +00 akornev@apache.org
zookeeper 1 19 +00 akornev@apache.org
zookeeper 1 19 +00 akornev@apache.org
zookeeper 1 19 +00 akornev@apache.org
zookeeper 1 19 +00 akornev@apache.org
zookeeper 1 19 +00 akornev@apache.org
zookeeper 1 19 +00 akornev@apache.org
zookeeper 1 19 +00 akornev@apache.org
zookeeper 1 00 +00 akornev@apache.org
zookeeper 1 00 +00 akornev@apache.org
zookeeper 1 00 +00 akornev@apache.org
zookeeper 1 00 +00 akornev@apache.org
zookeeper 1 00 +00 akornev@apache.org
zookeeper 1 00 +00 akornev@apache.org
zookeeper 1 00 +00 akornev@apache.org
zookeeper 1 00 +00 akornev@apache.org
zookeeper 0 18 +00 akornev@apache.org
zookeeper 1 07 +00 akornev@apache.org
zookeeper 1 06 +00 akornev@apache.org
zookeeper 1 06 +00 akornev@apache.org
zookeeper 1 06 +00 akornev@apache.org
zookeeper 1 06 +00 akornev@apache.org
zookeeper 1 21 +00 dev-null@apache.org
zookeeper 1 23 +00 breed@apache.org
zookeeper 1 23 +00 dev-null@apache.org
zookeeper 1 20 +00 dev-null@apache.org
zookeeper 0 17 +00 breed@apache.org
zookeeper 1 19 +00 dev-null@apache.org
zookeeper 1 19 +00 dev-null@apache.org
zookeeper 1 19 +00 dev-null@apache.org
zookeeper 1 01 +00 breed@apache.org
zookeeper 1 00 +00 breed@apache.org
zookeeper 1 01 +00 akornev@apache.org
zookeeper 1 01 +00 akornev@apache.org
zookeeper 0 17 +00 breed@apache.org
zookeeper 1 04 +00 breed@apache.org
zookeeper 1 04 +00 breed@apache.org
zookeeper 0 17 +00 omalley@apache.org
