kafka 0 17 -08 ismael@juma.me.uk
kafka 0 12 -08 asingh@cloudera.com
kafka 0 11 -08 becke.qin@gmail.com
kafka 0 11 -08 jason@confluen.io
kafka 0 10 -08 manikumar.reddy@gmail.com
kafka 0 14 -08 wangguoz@gmail.com
kafka 0 12 -08 eno.hereska@gmail.com
kafka 0 11 -08 jason@confluen.io
kafka 0 11 -08 cshapi@gmail.com
kafka 0 10 -08 granhenke@gmail.com
kafka 1 23 -08 asingh@cloudera.com
kafka 1 21 -08 granhenke@gmail.com
kafka 1 21 -08 granhenke@gmail.com
kafka 0 17 -08 ismael@juma.me.uk
kafka 0 14 -08 ismael@juma.me.uk
kafka 0 09 -08 ismael@juma.me.uk
kafka 1 23 -08 rajinisivaram@googlemail.com
kafka 1 22 -08 mjsax@apache.org
kafka 1 21 -08 jcusenborder@gmail.com
kafka 1 21 -08 geoff@confluen.io
kafka 0 18 -06 becke.qin@gmail.com
kafka 0 14 -08 becke.qin@gmail.com
kafka 1 23 -08 anna@confluen.io
kafka 0 18 -08 granhenke@gmail.com
kafka 0 18 -08 chrisian.posa@gmail.com
kafka 0 18 -08 granhenke@gmail.com
kafka 0 11 -08 ismael@juma.me.uk
kafka 0 11 -08 manikumar.reddy@gmail.com
kafka 0 11 -08 asingh@cloudera.com
kafka 1 15 -08 yying@fibi.com
kafka 0 14 -08 cshapi@gmail.com
kafka 0 10 -08 michael@confluen.io
kafka 0 17 -08 sasakioa@ndaa.co.jp
kafka 0 17 -08 asingh@cloudera.com
kafka 0 16 -08 aauradkar@linkedin.com
kafka 0 15 -08 granhenke@gmail.com
kafka 0 14 -08 jason@confluen.io
kafka 0 13 -08 michael@confluen.io
kafka 0 11 -08 baldrick@free.fr
kafka 0 11 -08 sasakioa@ndaa.co.jp
kafka 0 11 -08 junrao@gmail.com
kafka 0 08 -08 wangguoz@gmail.com
kafka 0 08 -08 jinxing@fenbi.com
kafka 1 02 -08 michael@confluen.io
kafka 1 23 -08 me@ewencp.org
kafka 0 18 -08 cshapi@gmail.com
kafka 0 18 -08 becke.qin@gmail.com
kafka 0 17 -08 6b656e6a69@gmail.com
kafka 0 17 -08 jason@confluen.io
kafka 0 16 -08 wangguoz@gmail.com
kafka 0 13 -08 wangguoz@gmail.com
kafka 0 09 -08 anna@confluen.io
kafka 1 23 -08 amandazhu19620701@gmail.com
kafka 0 18 -08 wangguoz@gmail.com
kafka 0 16 -08 wangguoz@gmail.com
kafka 0 18 -08 ismael@juma.me.uk
kafka 0 16 -08 ismael@juma.me.uk
kafka 0 16 -08 yasuhiro@confluen.io
kafka 0 14 -08 wangguoz@gmail.com
kafka 0 12 -08 eno.hereska@gmail.com
kafka 0 12 -08 kich@mvno.dk
kafka 0 09 -08 brahmbha.parh@gmail.com
kafka 0 15 -08 om.dearman@gmail.com
kafka 0 13 -08 anna@confluen.io
kafka 0 10 -08 asingh@cloudera.com
kafka 0 18 -08 rwhaling@spanree.ne
kafka 0 18 -08 ismael@juma.me.uk
kafka 0 17 -08 ismael@juma.me.uk
kafka 0 13 -08 jason@confluen.io
kafka 1 19 -08 gihub@omlee.co
kafka 0 18 -08 yasuhiro@confluen.io
kafka 0 13 -08 yasuhiro@confluen.io
kafka 0 11 -08 ismael@juma.me.uk
kafka 0 11 -08 cshapi@gmail.com
kafka 0 10 -08 me@ewencp.org
kafka 0 09 -08 ismael@juma.me.uk
kafka 1 22 -08 jason@confluen.io
kafka 0 15 -08 chrisian.posa@gmail.com
kafka 0 15 -08 jason@confluen.io
kafka 0 15 -08 wangguoz@gmail.com
kafka 0 15 -08 wangguoz@gmail.com
kafka 0 15 -08 bes.wangxin@163.com
kafka 0 14 -08 yasuhiro@confluen.io
kafka 0 14 -08 yasuhiro@confluen.io
kafka 0 12 -08 bensopford@gmail.com
kafka 0 12 -08 yasuhiro@confluen.io
kafka 1 21 -08 yasuhiro@confluen.io
kafka 1 21 -08 yasuhiro@confluen.io
kafka 0 18 -08 amandazhu19620701@gmail.com
kafka 0 15 -08 becke.qin@gmail.com
kafka 0 13 -08 yasuhiro@confluen.io
kafka 0 13 -08 ismael@juma.me.uk
kafka 0 11 -08 ismael@juma.me.uk
kafka 0 10 -08 frank@frankscholen.nl
kafka 1 22 -08 kich@mvno.dk
kafka 1 22 -08 chrisian.posa@gmail.com
kafka 0 09 -08 junrao@gmail.com
kafka 1 07 -08 becke.qin@gmail.com
kafka 0 09 +08 yasuhiro@confluen.io
kafka 0 11 -05 jeremy@scarcemedia.com
kafka 0 18 +08 amandazhu19620701@gmail.com
kafka 1 20 -08 brahmbha.parh@gmail.com
kafka 0 18 -08 granhenke@gmail.com
kafka 0 15 -05 ma.flue@appian.com
kafka 0 10 -05 ismael@juma.me.uk
kafka 0 18 -08 granhenke@gmail.com
kafka 0 17 +08 mghara@linkedin.com
kafka 0 17 +08 yasuhiro@confluen.io
kafka 0 11 -07 om.dearman@gmail.com
kafka 1 22 -08 yasuhiro@confluen.io
kafka 0 17 -08 jason@confluen.io
kafka 0 15 -07 yasuhiro@confluen.io
kafka 0 12 -07 sasakioa@ndaa.co.jp
kafka 1 22 -07 anna@confluen.io
kafka 1 21 -07 asingh@cloudera.com
kafka 0 16 -06 jason@confluen.io
kafka 0 13 -08 yasuhiro@confluen.io
kafka 0 10 -08 jylcheng@yahoo.com
kafka 0 10 -08 granhenke@gmail.com
kafka 0 10 -08 yasuhiro@confluen.io
kafka 0 09 -08 rajinisivaram@googlemail.com
kafka 0 09 -08 ismael@juma.me.uk
kafka 0 16 -08 adam@sreamses.com
kafka 0 16 -08 yasuhiro@confluen.io
kafka 0 16 -08 yasuhiro@confluen.io
kafka 1 05 +08 yasuhiro@confluen.io
kafka 1 04 +08 yasuhiro@confluen.io
kafka 0 14 -08 granhenke@gmail.com
kafka 0 13 -08 granhenke@gmail.com
kafka 0 13 -08 granhenke@gmail.com
kafka 0 12 -08 yasuhiro@confluen.io
kafka 0 10 -08 granhenke@gmail.com
kafka 0 09 -08 xiaoao183@gmail.com
kafka 0 09 -08 becke.qin@gmail.com
kafka 0 18 -08 jason@confluen.io
kafka 0 16 -08 becke.qin@gmail.com
kafka 0 14 -08 wangguoz@gmail.com
kafka 0 14 -08 cshapi@gmail.com
kafka 0 14 -08 yasuhiro@confluen.io
kafka 0 13 -08 geoff@confluen.io
kafka 0 11 -08 jason@confluen.io
kafka 0 10 -08 yasuhiro@confluen.io
kafka 1 23 -08 adam@sreamses.com
kafka 1 20 -08 wangguoz@gmail.com
kafka 0 15 -08 granhenke@gmail.com
kafka 0 11 -08 wangguoz@gmail.com
kafka 0 11 -08 jason@confluen.io
kafka 0 18 -08 ismael@juma.me.uk
kafka 0 17 -08 geoff@confluen.io
kafka 0 12 -08 wangguoz@gmail.com
kafka 0 10 -08 yasuhiro@confluen.io
kafka 0 10 -08 wangguoz@gmail.com
kafka 0 09 -08 rajinisivaram@googlemail.com
kafka 0 09 -08 eno.hereska@gmail.com
kafka 0 17 -08 wangguoz@gmail.com
kafka 0 16 -08 wangguoz@gmail.com
kafka 0 14 -08 gharamayuresh15@gmail.com
kafka 0 13 -08 yasuhiro@confluen.io
kafka 1 16 -08 granhenke@gmail.com
kafka 1 17 +05 rajinisivaram@googlemail.com
kafka 0 13 -08 ismael@juma.me.uk
kafka 0 09 -08 yasuhiro@confluen.io
kafka 0 09 -08 kich@mvno.dk
kafka 0 09 -08 praveendrl@in.ibm.com
kafka 0 08 -08 ismael@juma.me.uk
kafka 0 08 -08 ismael@juma.me.uk
kafka 0 08 -08 jakub.nowak94@ineria.pl
kafka 0 16 +05 ismael@juma.me.uk
kafka 1 20 -08 bensopford@gmail.com
kafka 1 20 -08 jaikiran.pai@gmail.com
kafka 1 20 -08 becke.qin@gmail.com
kafka 0 17 -08 mike@loggly.com
kafka 0 12 -08 dcbfernandez@gmail.com
kafka 0 10 -08 ismael@juma.me.uk
kafka 0 08 -08 ismael@juma.me.uk
kafka 1 23 -08 yasuhiro@confluen.io
kafka 1 20 -08 yasuhiro@confluen.io
kafka 0 16 -08 granhenke@gmail.com
kafka 0 15 -08 vahidhashemian@us.ibm.com
kafka 0 11 -08 dsraiychuk@yammer-inc.com
kafka 0 09 -08 wangguoz@gmail.com
kafka 0 16 -08 yasuhiro@confluen.io
kafka 0 15 -08 ismael@juma.me.uk
kafka 0 14 -08 konkalia@gmail.com
kafka 1 02 -08 jylcheng@yahoo.com
kafka 1 01 -08 yying@fibi.com
kafka 1 01 -08 pszwed@gmail.com
kafka 1 22 -08 vahidhashemian@us.ibm.com
kafka 1 16 -08 asingh@cloudera.com
kafka 0 16 -08 asingh@cloudera.com
kafka 0 15 -08 wangguoz@gmail.com
kafka 0 14 -08 micah@zolu.ne
kafka 0 13 -08 wangguoz@gmail.com
kafka 0 18 -08 granhenke@gmail.com
kafka 0 17 -08 geoff@confluen.io
kafka 0 16 -08 chenshangan@meiuan.com
kafka 0 11 -08 ismael@juma.me.uk
kafka 0 11 -08 me@ewencp.org
kafka 0 16 -08 david.jaco@gmail.com
kafka 0 16 -08 wangguoz@gmail.com
kafka 1 22 -08 ismael@juma.me.uk
kafka 0 09 -08 ismael@juma.me.uk
kafka 0 09 -08 ismael@juma.me.uk
kafka 1 22 -08 david.jaco@gmail.com
kafka 0 18 -08 granhenke@gmail.com
kafka 0 18 -08 granhenke@gmail.com
kafka 0 18 -08 aul.soman@microfocus.com
kafka 0 13 -08 wangguoz@gmail.com
kafka 0 12 -08 wangguoz@gmail.com
kafka 0 10 -08 granhenke@gmail.com
kafka 0 10 -08 graves@yahoo-inc.com
kafka 0 09 -08 david.jaco@gmail.com
kafka 0 09 -08 jason@confluen.io
kafka 0 09 -08 ismael@juma.me.uk
kafka 1 21 -08 david.jaco@gmail.com
kafka 1 17 -08 axiao@ebay.com
kafka 0 09 -08 jason@confluen.io
kafka 0 17 -08 yasuhiro@confluen.io
kafka 0 17 -08 wangguoz@gmail.com
kafka 0 17 -08 wangguoz@gmail.com
kafka 0 15 -08 zhang.eamon@homail.com
kafka 0 14 -08 3k.sanley@gmail.com
kafka 0 16 -08 ismael@juma.me.uk
kafka 0 09 -08 fpj@apache.org
kafka 1 23 -08 asingh@cloudera.com
kafka 1 23 -08 asingh@cloudera.com
kafka 0 18 -08 lindong28@gmail.com
kafka 0 15 -08 david.jaco@gmail.com
kafka 0 14 -08 granhenke@gmail.com
kafka 0 11 -08 granhenke@gmail.com
kafka 0 10 -08 granhenke@gmail.com
kafka 1 22 -08 praveendrl@in.ibm.com
kafka 0 16 -08 ismael@juma.me.uk
kafka 0 15 -08 ismael@juma.me.uk
kafka 0 15 -08 jason@confluen.io
kafka 0 10 -08 smalldirecor@yahoo.com
kafka 1 20 -08 fpj@apache.org
kafka 0 17 -08 wangguoz@gmail.com
kafka 0 14 -08 rhauch@gmail.com
kafka 0 09 -08 granhenke@gmail.com
kafka 1 21 -08 granhenke@gmail.com
kafka 0 16 -08 granhenke@gmail.com
kafka 0 16 -08 david.jaco@gmail.com
kafka 0 15 -08 michael@confluen.io
kafka 0 15 -08 rajinisivaram@googlemail.com
kafka 0 14 -08 yasuhiro@confluen.io
kafka 0 14 -08 mghara@mghara-ld1.linkedin.biz
kafka 0 12 -08 manikumar.reddy@gmail.com
kafka 0 12 -08 konkalia@gmail.com
kafka 0 12 -08 lindong28@gmail.com
kafka 0 11 -08 ismael@juma.me.uk
kafka 1 06 -08 ismael@juma.me.uk
kafka 0 16 -08 yasuhiro@confluen.io
kafka 0 12 -08 ismael@juma.me.uk
kafka 0 15 -05 cshapi@gmail.com
kafka 0 08 -08 ismael@juma.me.uk
kafka 0 11 -05 ksenji@ebay.com
kafka 1 15 -08 fpj@apache.org
kafka 0 17 -08 samjhech@gmail.com
kafka 0 08 -08 kongpo0412@gmail.com
kafka 1 23 -08 sasakioa@ndaa.co.jp
kafka 1 08 -08 sasakioa@ndaa.co.jp
kafka 0 14 -05 granhenke@gmail.com
kafka 1 20 -08 sasakioa@ndaa.co.jp
kafka 0 18 -08 ouyangliduo@360.cn
kafka 0 18 -08 granhenke@gmail.com
kafka 0 18 -08 granhenke@gmail.com
kafka 0 17 -08 david.jaco@gmail.com
kafka 0 17 -08 glikson@il.ibm.com
kafka 0 16 -08 jason@confluen.io
kafka 0 10 -08 vahidhashemian@us.ibm.com
kafka 1 22 -08 granhenke@gmail.com
kafka 0 13 -08 manasvigupa@yahoo.co.in
kafka 0 10 -08 jason@confluen.io
kafka 0 10 -08 jinxing@fenbi.com
kafka 1 22 -08 jinxing@fenbi.com
kafka 1 22 -08 jinxing6042@126.com
kafka 0 10 -08 ismael@juma.me.uk
kafka 0 18 -08 bensopford@gmail.com
kafka 0 16 -08 vahidhashemian@us.ibm.com
kafka 0 15 -08 yasuhiro@confluen.io
kafka 1 23 -08 yasuhiro@confluen.io
kafka 1 20 -08 ismael@juma.me.uk
kafka 0 17 -08 cory.kolbeck@urbanairship.com
kafka 0 16 -08 cshapi@gmail.com
kafka 0 13 -08 granhenke@gmail.com
kafka 0 13 -08 vahidhashemian@us.ibm.com
kafka 0 10 -08 ismael@juma.me.uk
kafka 1 19 -08 magnus@edenhill.se
kafka 0 17 -08 wangguoz@gmail.com
kafka 0 16 -08 jason@confluen.io
kafka 0 15 -08 granhenke@gmail.com
kafka 0 14 -08 jason@confluen.io
kafka 1 11 -08 jinxing@fenbi.com
kafka 0 11 -08 bes.wangxin@163.com
kafka 0 09 -08 granhenke@gmail.com
kafka 1 21 -08 yasuhiro@confluen.io
kafka 1 20 -08 granhenke@gmail.com
kafka 0 17 -08 geoff@confluen.io
kafka 0 17 -08 anna@confluen.io
kafka 0 15 -08 geoff@confluen.io
kafka 0 13 -08 cshapi@gmail.com
kafka 0 10 -08 jinxing@fenbi.com
kafka 0 10 -08 edward.ribeiro@gmail.com
kafka 1 23 -08 yasuhiro@confluen.io
kafka 1 22 -08 wangguoz@gmail.com
kafka 1 20 -08 edward.ribeiro@gmail.com
kafka 0 17 -06 alexloddengaard@gmail.com
kafka 0 11 -08 ismael@juma.me.uk
kafka 0 10 -08 lindong28@gmail.com
kafka 0 10 -08 w00312082@szxbz258.huaweiobz.com
kafka 0 09 -08 ismael@juma.me.uk
kafka 1 23 -08 yasuhiro@confluen.io
kafka 1 21 -08 jason@confluen.io
kafka 1 19 -08 lindong28@gmail.com
kafka 0 17 -08 jason@confluen.io
kafka 0 17 -08 ismael@juma.me.uk
kafka 0 17 -08 ismael@juma.me.uk
kafka 0 12 -08 vahidhashemian@us.ibm.com
kafka 0 09 -08 granhenke@gmail.com
kafka 1 23 -08 yasuhiro@confluen.io
kafka 1 23 -08 granhenke@gmail.com
kafka 0 15 -08 wangguoz@gmail.com
kafka 1 15 -08 jay.kreps@gmail.com
kafka 0 14 -08 yasuhiro@confluen.io
kafka 1 21 -08 jason@confluen.io
kafka 0 17 -08 fpj@apache.org
kafka 0 11 -08 jason@confluen.io
kafka 0 10 -08 anna@confluen.io
kafka 0 08 -08 luafran@gmail.com
kafka 0 18 -08 bbejeck@gmail.com
kafka 0 11 -08 jason@confluen.io
kafka 0 11 -08 anna@confluen.io
kafka 0 08 -06 rajinisivaram@googlemail.com
kafka 0 11 -08 granhenke@gmail.com
kafka 0 11 -08 granhenke@gmail.com
kafka 0 11 -08 lindong28@gmail.com
kafka 0 11 -08 bensopford@gmail.com
kafka 0 11 -08 ismael@juma.me.uk
kafka 1 21 -08 jason@confluen.io
kafka 0 14 -08 bensopford@gmail.com
kafka 0 13 -08 ismael@juma.me.uk
kafka 0 11 -08 alex-sherwin@gihub.com
kafka 0 11 -08 jason@confluen.io
kafka 1 05 +08 me@ewencp.org
kafka 1 08 -08 fpj@apache.org
kafka 0 12 -08 nurkiewicz@gmail.com
kafka 0 12 -08 bensopford@gmail.com
kafka 1 22 -08 mlogvinenko@gmail.com
kafka 1 22 -08 eljefe6a@gmail.com
kafka 0 17 -08 granhenke@gmail.com
kafka 0 16 -08 yasuhiro@confluen.io
kafka 0 15 -08 yasuhiro@confluen.io
kafka 0 15 -08 rajinisivaram@googlemail.com
kafka 0 15 -08 wangguoz@gmail.com
kafka 0 14 -08 yasuhiro@confluen.io
kafka 0 14 -08 rajinisivaram@googlemail.com
kafka 0 12 -08 yasuhiro@confluen.io
kafka 0 08 -08 rajinisivaram@googlemail.com
kafka 0 17 -08 ismael@juma.me.uk
kafka 0 17 -08 me@ewencp.org
kafka 0 16 -08 wangguoz@gmail.com
kafka 0 16 -08 jason@confluen.io
kafka 0 09 -08 junrao@gmail.com
kafka 0 18 -08 jeff.holoman@gmail.com
kafka 0 16 -08 cshapi@gmail.com
kafka 1 07 -08 ismael@juma.me.uk
kafka 1 18 -08 bbejeck@gmail.com
kafka 0 16 -08 junrao@gmail.com
kafka 0 15 -08 asingh@cloudera.com
kafka 0 15 -08 jason@confluen.io
kafka 0 15 -08 rajinisivaram@googlemail.com
kafka 0 13 -08 junrao@gmail.com
kafka 0 13 -08 junrao@gmail.com
kafka 0 11 -08 geoff@confluen.io
kafka 0 10 -08 ismael@juma.me.uk
kafka 0 10 -08 me@ewencp.org
kafka 0 08 -08 ismael@juma.me.uk
kafka 1 19 -08 me@ewencp.org
kafka 1 19 -08 geoff@confluen.io
kafka 0 15 -08 bensopford@gmail.com
kafka 1 07 -08 ismael@juma.me.uk
kafka 0 17 -08 jason@confluen.io
kafka 0 17 -08 geoff@confluen.io
kafka 0 15 -08 geoff@confluen.io
kafka 0 14 -08 me@ewencp.org
kafka 0 12 -08 ismael@juma.me.uk
kafka 0 10 -08 granhenke@gmail.com
kafka 1 19 -08 junrao@gmail.com
kafka 0 18 -08 jason@confluen.io
kafka 0 18 -08 ismael@juma.me.uk
kafka 0 18 -08 wangguoz@gmail.com
kafka 0 17 -08 brahmbha.parh@gmail.com
kafka 0 17 -08 yasuhiro@confluen.io
kafka 0 17 -08 yasuhiro@confluen.io
kafka 0 12 -08 asingh@cloudera.com
kafka 0 08 -08 ismael@juma.me.uk
kafka 1 22 -08 me@ewencp.org
kafka 0 17 -08 junrao@gmail.com
kafka 0 15 -08 lindong28@gmail.com
kafka 0 14 -08 granhenke@gmail.com
kafka 0 14 -08 ismael@juma.me.uk
kafka 0 14 -08 yasuhiro@confluen.io
kafka 0 13 -08 yasuhiro@confluen.io
kafka 1 09 -08 f.viscone@crieo.com
kafka 0 18 -08 junrao@gmail.com
kafka 0 17 -08 junrao@gmail.com
kafka 0 17 -08 brahmbha.parh@gmail.com
kafka 0 14 -08 junrao@gmail.com
kafka 0 14 -08 wangguoz@gmail.com
kafka 0 12 -08 asingh@cloudera.com
kafka 0 11 -08 jason@confluen.io
kafka 0 10 -08 bensopford@gmail.com
kafka 0 10 -08 junrao@gmail.com
kafka 0 10 -08 harsha@horonworks.com
kafka 0 10 -08 ismael@juma.me.uk
kafka 0 08 -08 ismael@juma.me.uk
kafka 1 21 -08 wangguoz@gmail.com
kafka 0 18 -08 me@ewencp.org
kafka 0 18 -08 geoff@confluen.io
kafka 0 13 -08 me@ewencp.org
kafka 0 12 -08 asingh@cloudera.com
kafka 0 11 -08 me@ewencp.org
kafka 0 10 -08 jakub.nowak94@ineria.pl
kafka 0 09 -08 granhenke@gmail.com
kafka 0 09 -08 jason@confluen.io
kafka 1 07 -08 ismael@juma.me.uk
kafka 1 07 -08 ismael@juma.me.uk
kafka 1 07 -08 ismael@juma.me.uk
kafka 1 22 -08 junrao@gmail.com
kafka 0 18 -08 geoff@confluen.io
kafka 0 18 -08 mghara@mghara-ld1.linkedin.biz
kafka 0 16 -08 yasuhiro@confluen.io
kafka 0 15 -08 me@ewencp.org
kafka 0 10 -08 cshapi@gmail.com
kafka 1 19 -08 wangguoz@gmail.com
kafka 0 16 -08 rajinisivaram@googlemail.com
kafka 0 15 -08 granhenke@gmail.com
kafka 0 14 -08 wangguoz@gmail.com
kafka 0 14 -08 me@ewencp.org
kafka 0 14 -08 me@ewencp.org
kafka 0 14 -08 brahmbha.parh@gmail.com
kafka 0 13 -08 jason@confluen.io
kafka 0 11 -08 geoff@confluen.io
kafka 0 11 -08 me@ewencp.org
kafka 0 10 -08 me@ewencp.org
kafka 0 10 -08 me@ewencp.org
kafka 1 20 -08 me@ewencp.org
kafka 0 18 -08 jason@confluen.io
kafka 0 17 -08 anna@confluen.io
kafka 0 16 -08 geoff@confluen.io
kafka 0 16 -08 me@ewencp.org
kafka 0 15 -08 me@ewencp.org
kafka 0 14 -08 granhenke@gmail.com
kafka 0 13 -08 asingh@cloudera.com
kafka 0 13 -08 wangguoz@gmail.com
kafka 0 11 -08 jason@confluen.io
kafka 0 11 -08 granhenke@gmail.com
kafka 0 10 -08 geoff@confluen.io
kafka 0 10 -08 me@ewencp.org
kafka 0 10 -08 me@ewencp.org
kafka 0 10 -08 me@ewencp.org
kafka 0 10 -08 jason@confluen.io
kafka 0 10 -08 me@ewencp.org
kafka 0 09 -08 me@ewencp.org
kafka 1 07 -08 rajinisivaram@googlemail.com
kafka 1 22 -08 me@ewencp.org
kafka 1 20 -08 me@ewencp.org
kafka 1 12 -08 jason@confluen.io
kafka 1 11 -08 asingh@cloudera.com
kafka 1 11 -08 jason@confluen.io
kafka 1 19 -08 cshapi@gmail.com
kafka 1 20 -06 fpj@apache.org
kafka 0 17 -08 wangguoz@gmail.com
kafka 0 17 -08 me@ewencp.org
kafka 0 15 -08 rajinisivaram@googlemail.com
kafka 0 15 -08 chris@pinola.co
kafka 0 13 -08 asingh@cloudera.com
kafka 0 13 -08 asingh@cloudera.com
kafka 0 13 -08 me@ewencp.org
kafka 0 10 -08 me@ewencp.org
kafka 1 20 -08 jason@confluen.io
kafka 0 18 -08 asingh@cloudera.com
kafka 0 18 -08 granhenke@gmail.com
kafka 0 16 -08 wangguoz@gmail.com
kafka 0 15 -08 mbruce@blackberry.com
kafka 0 15 -08 wangguoz@gmail.com
kafka 0 13 -08 jeff.holoman@gmail.com
kafka 0 13 -08 asingh@cloudera.com
kafka 0 10 -08 jason@confluen.io
kafka 0 10 -08 me@ewencp.org
kafka 0 09 -08 cshapi@gmail.com
kafka 0 08 -08 me@ewencp.org
kafka 0 08 -08 me@ewencp.org
kafka 0 08 -08 me@ewencp.org
kafka 0 17 -08 jason@confluen.io
kafka 0 15 -08 jason@confluen.io
kafka 0 15 -08 jason@confluen.io
kafka 0 12 -08 me@ewencp.org
kafka 0 11 -08 jason@confluen.io
kafka 0 10 -08 wangguoz@gmail.com
kafka 0 10 -08 anna@confluen.io
kafka 0 09 -08 yasuhiro@confluen.io
kafka 0 09 -08 michael@confluen.io
kafka 1 05 -08 becke.qin@gmail.com
kafka 1 21 -08 rajinisivaram@googlemail.com
kafka 0 14 -08 jason@confluen.io
kafka 0 14 -08 cshapi@gmail.com
kafka 0 13 -08 liquanpei@gmail.com
kafka 0 10 -08 asingh@cloudera.com
kafka 0 09 -08 fpj@apache.org
kafka 0 08 -08 rajinisivaram@googlemail.com
kafka 1 23 -08 wangguoz@gmail.com
kafka 0 14 -08 yasuhiro@confluen.io
kafka 0 14 -08 geoff@confluen.io
kafka 0 13 -08 yasuhiro@confluen.io
kafka 0 11 -08 cshapi@gmail.com
kafka 0 10 -08 cshapi@gmail.com
kafka 1 09 -07 rajinisivaram@googlemail.com
kafka 0 18 -07 lindong28@gmail.com
kafka 0 17 -07 asingh@cloudera.com
kafka 0 17 -07 asingh@cloudera.com
kafka 0 15 -07 manikumar.reddy@gmail.com
kafka 0 15 -07 geoff@confluen.io
kafka 0 15 -07 me@ewencp.org
kafka 0 14 -07 anna@confluen.io
kafka 0 08 -07 ismael@juma.me.uk
kafka 0 08 -07 geoff@confluen.io
kafka 0 18 -07 aauradkar@linkedin.com
kafka 0 15 -07 geoff@confluen.io
kafka 0 12 -07 jjkoshy@gmail.com
kafka 0 12 -07 fpj@apache.org
kafka 0 11 -07 aauradkar@linkedin.com
kafka 0 08 -07 brahmbha.parh@gmail.com
kafka 1 20 -07 me@ewencp.org
kafka 0 15 -07 rajinisivaram@googlemail.com
kafka 0 14 -07 jason@confluen.io
kafka 0 13 -07 fpj@apache.org
kafka 0 12 -07 me@ewencp.org
kafka 0 10 -07 ismael@juma.me.uk
kafka 0 10 -07 wangguoz@gmail.com
kafka 1 19 -07 wangguoz@gmail.com
kafka 0 17 -07 eno.hereska@gmail.com
kafka 0 17 -07 jason@confluen.io
kafka 0 16 -07 yasuhiro@confluen.io
kafka 0 16 -07 jason@confluen.io
kafka 0 15 -07 geoff@confluen.io
kafka 0 13 -07 yasuhiro@confluen.io
kafka 0 13 -07 yasuhiro@confluen.io
kafka 0 13 -07 jason@confluen.io
kafka 0 10 -07 ismael@juma.me.uk
kafka 0 08 -07 asingh@cloudera.com
kafka 1 07 -07 becke.qin@gmail.com
kafka 1 07 -07 granhenke@gmail.com
kafka 1 07 -07 granhenke@gmail.com
kafka 1 20 -07 yasuhiro@confluen.io
kafka 0 18 -07 jason@confluen.io
kafka 0 13 -07 yasuhiro@confluen.io
kafka 0 10 -07 cshapi@gmail.com
kafka 1 09 -07 ismael@juma.me.uk
kafka 0 17 -07 me@ewencp.org
kafka 0 16 -07 me@ewencp.org
kafka 0 15 -07 fpj@apache.org
kafka 1 22 -07 asingh@cloudera.com
kafka 1 21 -07 wangguoz@gmail.com
kafka 0 09 -07 ismael@juma.me.uk
kafka 0 09 -07 lindong@cis.upenn.edu
kafka 0 17 -07 ismael@juma.me.uk
kafka 0 16 -07 aauradka@aauradka-mn1.(none)
kafka 0 14 -07 ismael@juma.me.uk
kafka 0 13 -07 becke.qin@gmail.com
kafka 0 12 -07 jason@confluen.io
kafka 0 11 -07 ismael@juma.me.uk
kafka 0 11 -07 me@ewencp.org
kafka 0 10 -07 eno.hereska@gmail.com
kafka 0 17 -07 bensopford@gmail.com
kafka 0 14 -07 schinalapani@horonworks.com
kafka 1 19 -07 wangguoz@gmail.com
kafka 0 17 -07 me@ewencp.org
kafka 0 14 -07 lindong@cis.upenn.edu
kafka 0 13 -07 rajinisivaram@googlemail.com
kafka 0 13 -07 ismael@juma.me.uk
kafka 1 22 -07 avellaneda.gabriel@gmail.com
kafka 1 15 -07 fpj@apache.org
kafka 0 17 -07 cshapi@gmail.com
kafka 0 17 -07 okaraman@linkedin.com
kafka 0 17 -07 wangguoz@gmail.com
kafka 0 15 -07 liquanpei@gmail.com
kafka 0 14 -07 rhauch@gmail.com
kafka 0 09 -07 aauradka@aauradka-mn1.linkedin.biz
kafka 0 09 -07 mghara@linkedin.com
kafka 0 17 -07 asingh@cloudera.com
kafka 0 11 -07 yasuhiro@confluen.io
kafka 0 11 -07 manikumar.reddy@gmail.com
kafka 0 11 -07 yasuhiro@confluen.io
kafka 0 14 -07 wangguoz@gmail.com
kafka 0 14 -07 granhenke@gmail.com
kafka 0 14 -07 granhenke@gmail.com
kafka 0 13 -07 rhauch@gmail.com
kafka 0 13 -07 rajinisivaram@googlemail.com
kafka 0 18 -07 jason@confluen.io
kafka 0 18 -07 wangguoz@gmail.com
kafka 0 15 -07 yasuhiro@confluen.io
kafka 0 13 -07 lindong28@gmail.com
kafka 0 10 -07 me@ewencp.org
kafka 1 06 -07 bensopford@gmail.com
kafka 1 20 -07 cshapi@gmail.com
kafka 0 18 -07 cshapi@gmail.com
kafka 0 18 -07 me@ewencp.org
kafka 0 17 -07 rajinisivaram@googlemail.com
kafka 0 13 -07 cshapi@gmail.com
kafka 0 12 -07 aauradkar@linkedin.com
kafka 0 10 -07 granhenke@gmail.com
kafka 1 22 -07 ismael@juma.me.uk
kafka 1 15 -07 ismael@juma.me.uk
kafka 0 16 -07 yasuhiro@confluen.io
kafka 0 13 -07 me@ewencp.org
kafka 0 12 -07 rhauch@gmail.com
kafka 0 11 -07 me@ewencp.org
kafka 1 23 -07 jason@confluen.io
kafka 1 23 -07 yasuhiro@confluen.io
kafka 1 21 -07 becke.qin@gmail.com
kafka 0 18 -07 mghara@linkedin.com
kafka 0 18 -07 brahmbha.parh@gmail.com
kafka 0 13 -07 aauradka@aauradka-mn1.linkedin.biz
kafka 0 09 -07 rajinisivaram@googlemail.com
kafka 1 22 -07 me@ewencp.org
kafka 0 15 -07 me@ewencp.org
kafka 0 14 -07 me@ewencp.org
kafka 0 14 -07 asingh@cloudera.com
kafka 0 13 -07 edward.ribeiro@gmail.com
kafka 0 14 -07 wangguoz@gmail.com
kafka 0 13 -07 wangguoz@gmail.com
kafka 0 12 -07 ismael@juma.me.uk
kafka 1 00 -05 avellaneda.gabriel@gmail.com
kafka 1 06 -07 manikumar.reddy@gmail.com
kafka 1 20 -07 wangguoz@gmail.com
kafka 0 16 -07 rhauch@gmail.com
kafka 0 15 -07 jason@confluen.io
kafka 0 15 -07 lindong28@gmail.com
kafka 0 14 -07 ismael@juma.me.uk
kafka 0 18 -07 brahmbha.parh@gmail.com
kafka 0 16 -07 ismael@juma.me.uk
kafka 0 17 -07 jason@confluen.io
kafka 0 15 -07 brahmbha.parh@gmail.com
kafka 0 13 -07 ismael@juma.me.uk
kafka 0 10 -07 edward.ribeiro@gmail.com
kafka 0 10 -07 gharamayuresh15@gmail.com
kafka 0 14 -07 ismael@juma.me.uk
kafka 0 14 -07 lindong28@gmail.com
kafka 0 08 -07 manikumar.reddy@gmail.com
kafka 1 07 -07 ismael@juma.me.uk
kafka 1 05 -07 me@ewencp.org
kafka 1 05 -07 me@ewencp.org
kafka 1 18 -07 asingh@cloudera.com
kafka 0 17 -07 wangguoz@gmail.com
kafka 0 15 -07 jason@confluen.io
kafka 0 14 -07 jason@confluen.io
kafka 0 12 -07 becke.qin@gmail.com
kafka 0 11 -07 jason@confluen.io
kafka 1 19 -07 jason@confluen.io
kafka 1 19 -07 asingh@cloudera.com
kafka 1 19 -07 me@ewencp.org
kafka 0 14 -07 lindong28@gmail.com
kafka 0 12 -07 manikumar.reddy@gmail.com
kafka 0 10 -07 ismael@juma.me.uk
kafka 0 10 -07 fpj@apache.org
kafka 0 09 -07 ismael@juma.me.uk
kafka 0 16 -07 lindong28@gmail.com
kafka 0 14 -07 jason@confluen.io
kafka 0 14 -07 okaraman@linkedin.com
kafka 0 18 -07 fpj@apache.org
kafka 0 17 -07 brahmbha.parh@gmail.com
kafka 0 13 -07 jason@confluen.io
kafka 0 12 -07 asingh@cloudera.com
kafka 0 11 -07 fpj@apache.org
kafka 0 14 -07 jjkoshy@gmail.com
kafka 0 10 -07 gharamayuresh15@gmail.com
kafka 0 15 -07 brahmbha.parh@gmail.com
kafka 0 15 -07 geoff@confluen.io
kafka 0 13 -07 jeff.holoman@gmail.com
kafka 1 21 -07 brahmbha.parh@gmail.com
kafka 0 16 -07 ismael@juma.me.uk
kafka 0 15 -07 lindong28@gmail.com
kafka 0 15 -07 becke.qin@gmail.com
kafka 0 13 -07 asingh@cloudera.com
kafka 0 17 -07 geoff@confluen.io
kafka 0 15 -07 bensopford@gmail.com
kafka 0 15 -07 bensopford@gmail.com
kafka 0 09 -07 ismael@juma.me.uk
kafka 0 13 -07 asingh@cloudera.com
kafka 1 22 -07 asingh@cloudera.com
kafka 0 18 -07 jjkoshy@gmail.com
kafka 0 18 -07 becke.qin@gmail.com
kafka 0 18 -07 pbrahmbha@horonworks.com
kafka 0 11 -07 ismael@juma.me.uk
kafka 0 11 -07 geoff@confluen.io
kafka 0 10 -07 sslavic@gmail.com
kafka 0 10 -07 magnus.refel@skaeeaen.no
kafka 0 14 -07 lindong28@gmail.com
kafka 0 14 -07 jason@confluen.io
kafka 0 12 -07 lindong28@gmail.com
kafka 0 12 -07 me@ewencp.org
kafka 0 11 -07 geoff@confluen.io
kafka 1 20 -07 asingh@cloudera.com
kafka 0 13 -07 me@ewencp.org
kafka 0 11 -07 me@ewencp.org
kafka 0 18 -07 me@ewencp.org
kafka 0 17 -07 jason@confluen.io
kafka 0 17 -05 david.jaco@gmail.com
kafka 0 13 -07 cshapi@gmail.com
kafka 0 17 -07 aauradkar@linkedin.com
kafka 0 17 -07 gharamayuresh15@gmail.com
kafka 1 19 -07 geoff@confluen.io
kafka 0 12 -07 ismael@juma.me.uk
kafka 0 11 -07 ismael@juma.me.uk
kafka 0 13 -07 manikumar.reddy@gmail.com
kafka 0 13 -07 bensopford@gmail.com
kafka 0 18 -07 me@ewencp.org
kafka 0 18 -07 aauradkar@linkedin.com
kafka 0 14 -07 jjkoshy@gmail.com
kafka 1 21 -07 schinalapani@horonworks.com
kafka 0 13 -07 lindong28@gmail.com
kafka 1 20 -07 harsha@horonworks.com
kafka 1 21 -07 me@ewencp.org
kafka 0 18 -07 aauradkar@linkedin.com
kafka 0 16 -07 me@ewencp.org
kafka 0 15 -07 geoff@confluen.io
kafka 0 17 -04 becke.qin@gmail.com
kafka 0 10 -07 ismael@juma.me.uk
kafka 1 19 -07 a.pakulov@gmail.com
kafka 0 14 -07 me@ewencp.org
kafka 0 14 -07 granhenke@gmail.com
kafka 0 14 -07 fpj@apache.org
kafka 0 15 -07 geoff@confluen.io
kafka 0 15 -07 granhenke@gmail.com
kafka 1 20 -07 manikumar.reddy@gmail.com
kafka 1 23 -07 becke.qin@gmail.com
kafka 0 16 -07 becke.qin@gmail.com
kafka 0 16 -07 davecromberge@gmail.com
kafka 0 16 -07 ismael@juma.me.uk
kafka 0 15 -07 okaraman@linkedin.com
kafka 0 15 -07 jason@confluen.io
kafka 0 14 -07 jason@confluen.io
kafka 0 16 -07 acoo@gmail.com
kafka 0 16 -07 sslavic@gmail.com
kafka 0 16 -07 sslavic@gmail.com
kafka 0 16 -07 sslavic@gmail.com
kafka 0 15 -07 granhenke@gmail.com
kafka 0 12 -07 becke.qin@gmail.com
kafka 0 11 -07 granhenke@gmail.com
kafka 1 19 -07 cshapi@gmail.com
kafka 0 17 -07 jaikiran.pai@gmail.com
kafka 0 15 -07 aauradkar@linkedin.com
kafka 0 11 -07 ismael@juma.me.uk
kafka 0 11 -07 lvfangmin@gmail.com
kafka 0 15 -07 jason@confluen.io
kafka 0 14 -07 sslavic@gmail.com
kafka 0 13 -07 ismael@juma.me.uk
kafka 0 14 -07 manikumar.reddy@gmail.com
kafka 0 14 -07 jason@confluen.io
kafka 0 18 -07 sslavic@gmail.com
kafka 0 10 -07 david.jaco@gmail.com
kafka 0 17 -07 geoff@confluen.io
kafka 0 16 -07 rajinisivaram@googlemail.com
kafka 0 15 -07 asingh@cloudera.com
kafka 0 14 -07 asingh@cloudera.com
kafka 0 14 -07 asingh@cloudera.com
kafka 0 14 -07 asingh@cloudera.com
kafka 0 10 -07 ismael@juma.me.uk
kafka 0 09 -07 ismael@juma.me.uk
kafka 0 17 -07 wangguoz@gmail.com
kafka 0 09 -07 edward.ribeiro@gmail.com
kafka 0 08 -07 ismael@juma.me.uk
kafka 0 13 -07 jason@confluen.io
kafka 0 16 -07 ismael@juma.me.uk
kafka 0 16 -07 granhenke@gmail.com
kafka 0 10 -07 cshapi@gmail.com
kafka 0 10 -07 asingh@cloudera.com
kafka 1 21 -07 ismael@juma.me.uk
kafka 0 17 -07 me@ewencp.org
kafka 0 17 -07 ason@confluen.io
kafka 0 17 -07 aozerisky@gmail.com
kafka 0 16 -07 lindong28@gmail.com
kafka 0 16 -07 mliss@juma.me.uk
kafka 0 12 -07 pbrahmbha@horonworks.com
kafka 1 19 -07 jason@confluen.io
kafka 0 15 -07 jason@confluen.io
kafka 0 12 -07 jason@confluen.io
kafka 1 22 -07 manikumar.reddy@gmail.com
kafka 0 17 -07 asingh@cloudera.com
kafka 0 13 -07 brooks8@gmail.com
kafka 0 18 -07 jjkoshy@gmail.com
kafka 0 18 -07 jason@confluen.io
kafka 0 14 -07 geoff@confluen.io
kafka 0 10 -07 schinalapani@horonworks.com
kafka 0 09 -07 cshapi@gmail.com
kafka 1 21 -07 jjkoshy@gmail.com
kafka 0 18 -07 lindong28@gmail.com
kafka 0 13 -07 okaraman@linkedin.com
kafka 0 13 -07 asingh@cloudera.com
kafka 0 12 -07 lindong28@gmail.com
kafka 0 10 -07 joe.sein@sealh.ly
kafka 0 09 -07 asingh@cloudera.com
kafka 0 09 -07 johnysilver7@gmail.com
kafka 0 16 -07 asingh@cloudera.com
kafka 0 15 -07 me@ewencp.org
kafka 0 11 -07 wangguoz@gmail.com
kafka 0 15 -07 jason@confluen.io
kafka 0 18 -07 xiaoao183@gmail.com
kafka 0 10 -07 jeff.maxwell@gmail.com
kafka 1 00 -04 ason@confluen.io
kafka 0 15 -07 aauradkar@linkedin.com
kafka 0 10 -07 okaraman@linkedin.com
kafka 0 09 -07 simonenko.nsk@gmail.com
kafka 0 08 -07 chrisbblack@gmail.om
kafka 0 09 -07 manikumar.reddy@gmail.com
kafka 1 07 -07 waldenchen@163.com
kafka 0 18 -07 manikumar.reddy@gmail.com
kafka 0 17 -07 junrao@gmail.com
kafka 0 16 -07 manikumar.reddy@gmail.com
kafka 0 15 -07 manikumar.reddy@gmail.com
kafka 0 14 -07 cshapi@gmail.com
kafka 0 16 -07 junrao@gmail.com
kafka 0 15 -07 manikumar.reddy@gmail.com
kafka 0 15 -07 cshapi@gmail.com
kafka 0 15 -07 manikumar.reddy@gmail.com
kafka 0 15 -07 schinalapani@horonworks.com
kafka 0 15 -07 pronee11@gmail.com
kafka 0 14 -07 andrii.bileskyi@sealh.ly
kafka 0 17 -07 brooks8@gmail.com
kafka 0 18 -07 aozerisky@gmail.com
kafka 0 14 -07 a.pakulov@gmail.com
kafka 0 10 -07 ason@confluen.io
kafka 0 15 -07 asingh@cloudera.com
kafka 0 11 -07 wangguoz@gmail.com
kafka 0 11 -07 becke.qin@gmail.com
kafka 1 21 -07 cshapi@gmail.com
kafka 0 13 -07 wangguoz@gmail.com
kafka 1 20 -07 me@ewencp.org
kafka 0 14 -07 yasuhiro.masuda@gmail.com
kafka 0 14 -07 me@ewencp.org
kafka 0 17 -07 mliss@juma.me.uk
kafka 0 13 -07 schinalapani@horonworks.com
kafka 0 13 -07 becke.qin@gmail.com
kafka 0 10 -07 mliss@juma.me.uk
kafka 1 12 -07 vivekpm@gmail.com
kafka 0 14 -07 jjkoshy@gmail.com
kafka 0 18 -07 becke.qin@gmail.com
kafka 0 18 -07 becke.qin@gmail.com
kafka 0 10 -07 jjkoshy@gmail.com
kafka 1 21 -07 okaraman@linkedin.com
kafka 0 18 -07 wangguoz@gmail.com
kafka 0 13 -07 pbrahmbha@horonworks.com
kafka 0 14 -07 okaraman@linkedin.com
kafka 0 15 -07 becke.qin@gmail.com
kafka 0 13 -07 jjkoshy@gmail.com
kafka 0 13 -07 palino@linkedin.com
kafka 0 17 -07 schinalapani@horonworks.com
kafka 1 21 -07 wangguoz@gmail.com
kafka 0 17 -07 sevenz3wu@gmail.com
kafka 0 15 -07 manikumar.reddy@gmail.com
kafka 0 11 -07 asingh@cloudera.com
kafka 0 11 -07 aauradkar@linkedin.com
kafka 1 17 -07 wangguoz@gmail.com
kafka 0 14 -07 rekhajoshm@gmail.com
kafka 0 18 -05 jriehl@spaceship.com
kafka 1 21 -05 marin.lemanski@gmx.a
kafka 0 17 -07 wangguoz@gmail.com
kafka 1 19 -05 rajinisivaram@googlemail.com
kafka 1 13 -07 cshapi@gmail.com
kafka 1 12 -07 sasakioa@ndaa.co.jp
kafka 1 12 -07 mliss@juma.me.uk
kafka 1 09 -07 harsha@horonworks.com
kafka 1 08 -07 mliss@juma.me.uk
kafka 1 14 -07 neha.narkhede@gmail.com
kafka 0 12 -07 becke.qin@gmail.com
kafka 0 10 -07 sevenz3wu@gmail.com
kafka 0 09 -07 rajinisivaram@googlemail.com
kafka 0 09 -07 aauradkar@linkedin.com
kafka 1 11 -07 jeff.holoman@gmail.com
kafka 1 07 -07 manikumar.reddy@gmail.com
kafka 1 07 -07 asingh@cloudera.com
kafka 1 07 -07 asingh@cloudera.com
kafka 1 09 -07 asingh@cloudera.com
kafka 1 08 -07 ransom.hezhiqiang@huawei.com
kafka 0 18 -07 me@ewencp.org
kafka 0 10 -07 rajinisivaram@googlemail.com
kafka 0 11 -07 lvfangmin@gmail.com
kafka 0 14 -07 flura@gmail.com
kafka 0 18 -07 wangguoz@gmail.com
kafka 0 09 -05 cshapi@gmail.com
kafka 0 08 -07 me@ewencp.org
kafka 0 12 -07 yasuhiro.masuda@gmail.com
kafka 1 19 -07 brooks8@gmail.com
kafka 0 17 -07 ax_wang@yahoo.com
kafka 0 15 -07 yasuhiro.masuda@gmail.com
kafka 0 14 -07 dbeech@apache.org
kafka 0 13 -07 cshapi@gmail.com
kafka 1 22 -07 desk@danielcompon.ne
kafka 1 21 -07 granhenke@gmail.com
kafka 0 15 -07 wangguoz@gmail.com
kafka 0 15 -07 harsha@horonworks.com
kafka 0 15 -07 cshapi@gmail.com
kafka 0 14 -07 pyr@spoonik.org
kafka 0 18 -07 cshapi@gmail.com
kafka 0 13 -07 granhenke@gmail.com
kafka 1 21 -07 liong02@us.ibm.com
kafka 1 17 -07 cshapi@gmail.com
kafka 1 19 -07 paulm@loopr.com
kafka 1 16 -07 zhouyaguo@gmail.com
kafka 1 15 -07 rajinisivaram@gmail.com
kafka 1 15 -07 zhouyaguo@gmail.com
kafka 1 15 -07 im.brooks@saples.com
kafka 1 14 -07 me@ewencp.org
kafka 0 18 -07 aauradkar@linkedin.com
kafka 0 11 -07 ed.malaska@cloudera.com
kafka 0 18 -07 ed.malaska@cloudera.com
kafka 0 16 -07 yasuhiro.masuda@gmail.com
kafka 0 13 -07 mliss@juma.me.uk
kafka 1 08 -07 cshapi@gmail.com
kafka 0 17 -07 wangguoz@gmail.com
kafka 0 15 -07 wangguoz@gmail.com
kafka 0 14 -07 becke.qin@gmail.com
kafka 0 13 -07 yasuhiro.masuda@gmail.com
kafka 1 01 -04 joe.sein@sealh.ly
kafka 1 20 -07 xiaoao183@gmail.com
kafka 0 15 -07 becke.qin@gmail.com
kafka 0 16 -07 wangguoz@gmail.com
kafka 0 15 -07 wangguoz@gmail.com
kafka 0 14 -07 becke.qin@gmail.com
kafka 0 14 -07 becke.qin@gmail.com
kafka 0 15 -07 wangguoz@gmail.com
kafka 0 15 -07 becke.qin@gmail.com
kafka 0 13 -07 schinalapani@horonworks.com
kafka 0 16 -07 wangguoz@gmail.com
kafka 0 17 -07 wangguoz@gmail.com
kafka 0 16 -07 wangguoz@gmail.com
kafka 0 11 -07 wangguoz@gmail.com
kafka 1 15 -07 becke.qin@gmail.com
kafka 0 09 -05 joe.sein@sealh.ly
kafka 0 17 -08 liong02@us.ibm.com
kafka 0 16 -08 jjkoshy@gmail.com
kafka 0 16 -08 cshapi@gmail.com
kafka 0 16 -08 jjkoshy@gmail.com
kafka 0 16 -08 jjkoshy@gmail.com
kafka 0 11 -08 aauradkar@linkedin.com
kafka 0 11 -08 jjkoshy@gmail.com
kafka 0 11 -08 schinalapani@horonworks.com
kafka 0 10 -08 jjkoshy@gmail.com
kafka 1 12 -08 jay.kreps@gmail.com
kafka 1 07 -08 cshapi@gmail.com
kafka 0 16 -08 schinalapani@horonworks.com
kafka 0 15 -08 asingh@cloudera.com
kafka 0 14 -08 neha.narkhede@gmail.com
kafka 0 18 -08 junrao@gmail.com
kafka 0 15 -08 me@ewencp.org
kafka 0 10 -08 jjkoshy@gmail.com
kafka 0 14 -08 junrao@gmail.com
kafka 0 08 -08 okaraman@linkedin.com
kafka 0 11 -08 junrao@gmail.com
kafka 1 21 -08 jay.kreps@gmail.com
kafka 1 20 -08 waldenchen@163.com
kafka 0 17 -08 jay.kreps@gmail.com
kafka 0 16 -08 yasuhiro.masuda@gmail.com
kafka 0 16 -08 schinalapani@horonworks.com
kafka 0 14 -08 zhouyaguo@gmail.com
kafka 0 17 -08 jjkoshy@gmail.com
kafka 0 16 -08 aauradkar@linkedin.com
kafka 0 14 -08 jjkoshy@gmail.com
kafka 0 13 -08 junrao@gmail.com
kafka 1 23 -08 liong01@us.ibm.com
kafka 1 23 -08 liong01@us.ibm.com
kafka 0 17 -08 aauradkar@linkedin.com
kafka 0 17 -08 aauradkar@linkedin.com
kafka 0 16 -08 pbrahmbha@horonworks.com
kafka 0 13 -08 cshapi@gmail.com
kafka 0 17 -08 wangguoz@gmail.com
kafka 0 11 -08 okaraman@linkedin.com
kafka 0 15 -08 wangguoz@gmail.com
kafka 0 15 -08 wangguoz@gmail.com
kafka 0 09 -08 wangguoz@gmail.com
kafka 1 21 -08 jay.kreps@gmail.com
kafka 0 18 -08 jjkoshy@gmail.com
kafka 1 20 -08 jay.kreps@gmail.com
kafka 1 11 -08 jay.kreps@gmail.com
kafka 1 19 -06 manikumar.reddy@gmail.com
kafka 1 19 -06 junrao@gmail.com
kafka 1 19 -08 olandere@gmail.com
kafka 1 19 -08 jai.forums2013@gmail.com
kafka 1 18 -08 jai.forums2013@gmail.com
kafka 1 18 -08 manikumar.reddy@gmail.com
kafka 0 18 -08 becke.qin@gmail.com
kafka 0 09 -08 becke.qin@gmail.com
kafka 1 22 -05 joe.sein@sealh.ly
kafka 0 17 -08 aauradkar@linkedin.com
kafka 0 13 -08 jjkoshy@gmail.com
kafka 0 11 -08 junrao@gmail.com
kafka 0 09 -08 jai.forums2013@gmail.com
kafka 0 08 -08 manikumar.reddy@gmail.com
kafka 1 19 -08 junrao@gmail.com
kafka 0 18 -08 junrao@gmail.com
kafka 0 18 -08 junrao@gmail.com
kafka 0 17 -08 junrao@gmail.com
kafka 0 08 -08 jjkoshy@gmail.com
kafka 0 15 -08 manikumar.reddy@gmail.com
kafka 0 12 -08 manikumar.reddy@gmail.com
kafka 0 09 -08 junrao@gmail.com
kafka 0 09 -08 jai.forums2013@gmail.com
kafka 1 22 -08 manikumar.reddy@gmail.com
kafka 0 18 -08 junrao@gmail.com
kafka 1 21 -08 cshapi@gmail.com
kafka 0 15 -08 jai.forums2013@gmail.com
kafka 0 15 -08 schinalapani@horonworks.com
kafka 0 11 -08 junrao@gmail.com
kafka 0 11 -08 junrao@gmail.com
kafka 1 22 -05 joe.sein@sealh.ly
kafka 0 12 -08 junrao@gmail.com
kafka 0 11 -08 junrao@gmail.com
kafka 0 10 -08 me@ewencp.org
kafka 0 17 -08 becke.qin@gmail.com
kafka 0 17 -08 cshapi@gmail.com
kafka 0 16 -08 junrao@gmail.com
kafka 1 20 -08 asingh@cloudera.com
kafka 0 11 -08 fanaoly@gmail.com
kafka 0 11 -08 ccope@resilienscience.com
kafka 1 03 -05 joe.sein@sealh.ly
kafka 0 15 -08 becke.qin@gmail.com
kafka 0 09 -08 me@ewencp.org
kafka 0 08 -05 joe.sein@sealh.ly
kafka 0 13 -08 guwang@linkedin.com
kafka 0 17 -08 diparfi@gmail.com
kafka 0 16 -08 rockeraman@gmail.com
kafka 0 15 -08 balaji.seshadri@dish.com
kafka 0 16 -08 dokovan@homail.com
kafka 0 16 -08 manikumar.reddy@gmail.com
kafka 0 16 -08 manikumar.reddy@gmail.com
kafka 0 10 -08 jeanfrancois.im@gmail.com
kafka 0 14 -08 edio@archlinux.us
kafka 0 14 -08 guwang@linkedin.com
kafka 0 11 -08 guwang@linkedin.com
kafka 1 16 -08 jarcec@apache.org
kafka 0 14 -08 becke.qin@gmail.com
kafka 0 17 -08 vladimir.reyakov@semaex.com
kafka 1 19 -08 manikumar.reddy@gmail.com
kafka 0 18 -08 junrao@gmail.com
kafka 0 15 -08 me@ewencp.org
kafka 0 14 -08 me@ewencp.org
kafka 0 10 -08 becke.qin@gmail.com
kafka 1 20 -08 jjkoshy@gmail.com
kafka 0 18 -08 becke.qin@gmail.com
kafka 0 15 -08 guwang@linkedin.com
kafka 0 18 -08 okaraman@linkedin.com
kafka 1 20 -08 manikumar.reddy@gmail.com
kafka 0 10 -08 junrao@gmail.com
kafka 0 18 -08 me@ewencp.org
kafka 0 18 -08 me@ewencp.org
kafka 0 10 -08 becke.qin@gmail.com
kafka 1 21 -08 mchungWgmail.com
kafka 0 16 -07 becke.qin@gmail.com
kafka 0 17 -07 guwang@linkedin.com
kafka 0 16 -07 me@ewencp.org
kafka 0 09 -07 becke.qin@gmail.com
kafka 0 09 -07 me@ewencp.org
kafka 0 17 -07 joecrow@gmail.com
kafka 0 16 -07 granders@gmail.com
kafka 0 15 -07 guwang@linkedin.com
kafka 0 14 -07 nogu.dev@gmail.com
kafka 0 09 -07 me@ewencp.org
kafka 0 18 -07 me@ewencp.org
kafka 0 11 -07 junrao@gmail.com
kafka 0 15 -07 me@ewencp.org
kafka 0 12 -07 ivanlyuov@gmail.com
kafka 0 10 -07 jdo500@gmail.com
kafka 0 17 -07 neha.narkhede@gmail.com
kafka 1 22 -07 jjkoshy@gmail.com
kafka 1 21 -07 me@ewencp.org
kafka 1 21 -07 me@ewencp.org
kafka 0 16 -07 midon@apache.org
kafka 0 11 -07 schinalapani@horonworks.com
kafka 1 16 -07 me@ewencp.org
kafka 1 15 -07 me@ewencp.org
kafka 1 08 -07 schinalapani@horonworks.com
kafka 1 21 -07 schinalapani@horonworks.com
kafka 0 18 -07 cshapi@gmail.com
kafka 0 16 -07 gharamayuresh15@gmail.com
kafka 0 14 -07 schinalapani@horonworks.com
kafka 0 14 -07 schinalapani@horonworks.com
kafka 0 08 -07 schinalapani@horonworks.com
kafka 0 18 -07 aaraxer@gmail.com
kafka 0 17 -07 guwang@linkedin.com
kafka 0 17 -07 manikumar.reddy@gmail.com
kafka 1 07 -07 junrao@gmail.com
kafka 1 18 -07 schinalapani@horonworks.com
kafka 1 16 -07 manikumar.reddy@gmail.com
kafka 1 22 -04 joe.sein@sealh.ly
kafka 0 08 -07 junrao@gmail.com
kafka 0 18 -07 schinalapani@horonworks.com
kafka 0 14 -07 balaji.seshadri@dish.com
kafka 0 15 -07 balaji.seshadri@dish.com
kafka 1 21 -07 me@ewencp.org
kafka 0 13 -07 jonahan@ghoslab.ne
kafka 1 21 -07 joe.sein@sealh.ly
kafka 0 14 -07 junrao@gmail.com
kafka 0 12 -04 joe.sein@sealh.ly
kafka 0 12 -04 joe.sein@sealh.ly
kafka 1 15 -07 ivanlyuov@gmail.com
kafka 1 13 -07 nmarasoi@adobe.com
kafka 0 15 -07 k.p.szafranski@gmail.com
kafka 0 09 -07 aaraxer@gmail.com
kafka 1 21 -07 junrao@gmail.com
kafka 1 20 -07 midon@apache.org
kafka 1 20 -07 guan@mailchimp.com
kafka 1 20 -07 peer.pham@wedgeneworks.com
kafka 1 20 -07 cshapi@gmail.com
kafka 1 11 -07 roger.hoover@gmail.com
kafka 1 10 -07 sslavic@apache.org
kafka 1 10 -07 junrao@gmail.com
kafka 1 09 -07 guwang@linkedin.com
kafka 0 12 -07 nmarasoi@adobe.com
kafka 1 22 -07 guwang@linkedin.com
kafka 0 14 -04 joe.sein@sealh.ly
kafka 1 12 -04 joe.sein@sealh.ly
kafka 0 17 -07 jjkoshy@gmail.com
kafka 0 14 -07 schinalapani@horonworks.com
kafka 1 21 -04 joe.sein@sealh.ly
kafka 0 17 -07 lindong28@gmail.com
kafka 0 17 -07 becke.qin@gmail.com
kafka 0 15 -07 jarcec@apache.org
kafka 0 11 -07 jay.kreps@gmail.com
kafka 0 15 -07 nay@wibidaa.com
kafka 0 10 -07 lindong28@gmail.com
kafka 0 17 -07 nay@wibidaa.com
kafka 0 13 -07 manikumar.reddy@gmail.com
kafka 0 13 -07 becke.qin@gmail.com
kafka 0 12 -04 joe.sein@sealh.ly
kafka 0 17 -04 joe.sein@sealh.ly
kafka 1 07 -07 junrao@gmail.com
kafka 1 21 -07 ivanlyuov@gmail.com
kafka 0 13 -07 guwang@linkedin.com
kafka 1 21 -07 guwang@linkedin.com
kafka 1 22 +00 vagran@precise64.(none)
kafka 0 14 -07 lindong28@gmail.com
kafka 1 21 -07 junrao@gmail.com
kafka 1 21 -07 junrao@gmail.com
kafka 1 07 -07 nay@wibidaa.com
kafka 0 08 -07 manikumar.reddy@gmail.com
kafka 0 10 -07 junrao@gmail.com
kafka 1 21 -07 aaraxer@gmail.com
kafka 1 10 -07 davidcorley@gmail.com
kafka 1 09 -07 nmarasoi@adobe.com
kafka 0 16 -07 schinalapani@horonworks.com
kafka 0 15 -07 jay.kreps@gmail.com
kafka 0 17 -07 manikumar.reddy@gmail.com
kafka 0 14 -07 guwang@linkedin.com
kafka 0 10 -07 junrao@gmail.com
kafka 0 10 -07 jay.kreps@gmail.com
kafka 1 21 -04 joe.sein@sealh.ly
kafka 0 18 -07 junrao@gmail.com
kafka 0 15 -07 jay.kreps@gmail.com
kafka 1 21 -07 jay.kreps@gmail.com
kafka 0 08 -07 manikumar.reddy@gmail.com
kafka 0 14 -07 junrao@gmail.com
kafka 1 12 -07 jay.kreps@gmail.com
kafka 0 13 -07 jay.kreps@gmail.com
kafka 0 09 -07 coderiff@gmail.com
kafka 0 08 -07 manikumar.reddy@gmail.com
kafka 0 13 -07 jay.kreps@gmail.com
kafka 1 21 -07 jay.kreps@gmail.com
kafka 1 22 -07 evvers@ya.ru
kafka 1 21 -07 JackieWang518@gmail.com
kafka 0 15 -07 jghoman@gmail.com
kafka 0 14 -07 jay.kreps@gmail.com
kafka 0 13 -07 jay.kreps@gmail.com
kafka 0 11 -07 jjkoshy@gmail.com
kafka 0 16 -07 schinalapani@horonworks.com
kafka 0 09 -07 jay.kreps@gmail.com
kafka 0 15 -07 jay.kreps@gmail.com
kafka 1 21 -07 schinalapani@horonworks.com
kafka 0 17 -07 jay.kreps@gmail.com
kafka 0 17 -07 junrao@gmail.com
kafka 0 16 -07 lindong28@gmail.com
kafka 0 14 -07 neha.narkhede@gmail.com
kafka 0 10 -07 schinalapani@horonworks.com
kafka 0 08 -07 schinalapani@horonworks.com
kafka 0 10 -07 info@cmb-radecener.org
kafka 0 09 -07 nachen@gmail.com
kafka 1 22 -07 schinalapani@horonworks.com
kafka 0 13 -07 guwang@linkedin.com
kafka 1 07 -07 schinalapani@horonworks.com
kafka 0 13 -07 jay.kreps@gmail.com
kafka 0 16 -07 schinalapani@horonworks.com
kafka 0 09 -07 junrao@gmail.com
kafka 0 14 -07 schinalapani@horonworks.com
kafka 0 13 -07 schinalapani@horonworks.com
kafka 0 10 -07 neha.narkhede@gmail.com
kafka 0 11 -04 joe.sein@sealh.ly
kafka 0 11 -07 schinalapani@horonworks.com
kafka 0 11 -07 schinalapani@horonworks.com
kafka 1 22 -07 neha.narkhede@gmail.com
kafka 0 16 -07 neha.narkhede@gmail.com
kafka 0 15 -07 guwang@linkedin.com
kafka 0 10 -07 guwang@linkedin.com
kafka 1 21 -07 guwang@linkedin.com
kafka 0 17 -07 schinalapani@horonworks.com
kafka 0 16 -07 jay.kreps@gmail.com
kafka 0 15 -07 neha.narkhede@gmail.com
kafka 0 10 -07 jjkoshy@gmail.com
kafka 0 17 -07 guwang@linkedin.com
kafka 0 16 -07 schinalapani@horonworks.com
kafka 1 20 -07 guwang@linkedin.com
kafka 0 10 -07 guwang@linkedin.com
kafka 0 18 -07 nachen@gmail.com
kafka 0 16 -07 nachen@gmail.com
kafka 0 10 -07 nachen@gmail.com
kafka 0 16 -07 guwang@linkedin.com
kafka 1 07 -07 amalakar@gmail.com
kafka 0 16 -07 junrao@gmail.com
kafka 0 10 -07 alex_apache@mofo.ca
kafka 0 08 -07 junrao@gmail.com
kafka 0 10 -07 neha.narkhede@gmail.com
kafka 0 15 -07 jay.kreps@gmail.com
kafka 0 15 -07 junrao@gmail.com
kafka 0 14 -07 junrao@gmail.com
kafka 0 14 -07 guwang@linkedin.com
kafka 0 13 -07 junrao@gmail.com
kafka 0 11 -07 guwang@linkedin.com
kafka 0 08 -07 junrao@gmail.com
kafka 0 15 -07 junrao@gmail.com
kafka 0 17 -07 junrao@gmail.com
kafka 0 17 -07 guwang@linkedin.com
kafka 0 17 -07 junrao@gmail.com
kafka 0 13 -07 junrao@gmail.com
kafka 0 17 -07 jjkoshy@gmail.com
kafka 0 11 -07 jay.kreps@gmail.com
kafka 0 13 -07 jjkoshy@gmail.com
kafka 0 17 -07 jay.kreps@gmail.com
kafka 0 17 -07 jay.kreps@gmail.com
kafka 0 14 -07 jjkoshy@gmail.com
kafka 0 10 -07 jay.kreps@gmail.com
kafka 0 13 -07 junrao@gmail.com
kafka 1 08 -07 sslavic@apache.org
kafka 1 13 -07 junrao@gmail.com
kafka 1 13 -07 junrao@gmail.com
kafka 1 13 -07 junrao@gmail.com
kafka 1 21 -07 junrao@gmail.com
kafka 1 20 -07 nachen@gmail.com
kafka 0 14 -07 guwang@linkedin.com
kafka 0 18 -07 guwang@linkedin.com
kafka 0 14 -07 junrao@gmail.com
kafka 0 14 -07 guwang@linkedin.com
kafka 0 14 -07 jjkoshy@gmail.com
kafka 0 08 -07 sslavic@apache.org
kafka 0 08 -07 sslavic@apache.org
kafka 0 08 -07 sslavic@apache.org
kafka 0 17 -07 ivanlyuov@gmail.com
kafka 0 11 -07 jjkoshy@gmail.com
kafka 0 10 -07 nachen@gmail.com
kafka 0 10 -07 guwang@linkedin.com
kafka 0 18 -07 neha.narkhede@gmail.com
kafka 0 16 -07 jjkoshy@gmail.com
kafka 0 12 -07 jay.kreps@gmail.com
kafka 0 12 -07 ivanlyuov@gmail.com
kafka 0 10 -07 jay.kreps@gmail.com
kafka 0 12 -07 jay.kreps@gmail.com
kafka 0 11 -07 junrao@gmail.com
kafka 1 22 -07 nachen@gmail.com
kafka 1 22 -07 neha.narkhede@gmail.com
kafka 0 16 -07 guwang@linkedin.com
kafka 0 18 -07 nachen@gmail.com
kafka 1 21 -07 jay.kreps@gmail.com
kafka 0 17 -07 jay.kreps@gmail.com
kafka 1 21 -07 neha.narkhede@gmail.com
kafka 1 21 -07 guwang@linkedin.com
kafka 1 17 -07 junrao@gmail.com
kafka 0 17 -07 nachen@gmail.com
kafka 0 09 -07 junrao@gmail.com
kafka 0 14 -07 jay.kreps@gmail.com
kafka 0 17 -07 neha.narkhede@gmail.com
kafka 0 10 -07 junrao@gmail.com
kafka 0 10 -07 junrao@gmail.com
kafka 0 10 -07 jjkoshy@gmail.com
kafka 0 18 -07 neha.narkhede@gmail.com
kafka 0 18 -07 andrew.olson@cerner.com
kafka 0 15 -07 jjkoshy@gmail.com
kafka 0 14 -07 junrao@gmail.com
kafka 1 20 -07 junrao@gmail.com
kafka 1 19 -08 junrao@gmail.com
kafka 0 18 -08 neha.narkhede@gmail.com
kafka 0 09 -08 marin@rapporive.com
kafka 0 08 -08 jay.kreps@gmail.com
kafka 0 14 -08 jay.kreps@gmail.com
kafka 0 13 -08 jay.kreps@gmail.com
kafka 1 20 -08 jay.kreps@gmail.com
kafka 0 15 -05 joe.sein@sealh.ly
kafka 0 15 -05 joe.sein@sealh.ly
kafka 0 09 -08 junrao@gmail.com
kafka 0 13 -08 junrao@gmail.com
kafka 0 08 -08 e.rajasekar@gmail.com
kafka 1 20 -08 jay.kreps@gmail.com
kafka 0 14 -08 jay.kreps@gmail.com
kafka 0 14 -08 guwang@linkedin.com
kafka 0 10 -08 guwang@linkedin.com
kafka 0 18 -08 junrao@gmail.com
kafka 0 09 -08 nbrown.us@gmail.com
kafka 1 00 -08 sriram.sub@gmail.com
kafka 1 00 -08 sriram.sub@gmail.com
kafka 0 14 -08 jay.kreps@gmail.com
kafka 1 01 -08 sriram.sub@gmail.com
kafka 1 21 -08 jay.kreps@gmail.com
kafka 0 17 -08 guwang@linkedin.com
kafka 0 09 -08 junrao@gmail.com
kafka 1 21 -08 junrao@gmail.com
kafka 1 00 -05 joe.sein@sealh.ly
kafka 0 10 -05 joe.sein@sealh.ly
kafka 1 19 -08 jay.kreps@gmail.com
kafka 0 13 -08 jay.kreps@gmail.com
kafka 0 11 -08 johnysilver7@gmail.com
kafka 0 14 -05 joe.sein@sealh.ly
kafka 1 22 -05 joe.sein@sealh.ly
kafka 0 14 -08 guwang@linkedin.com
kafka 0 15 -08 jay.kreps@gmail.com
kafka 0 12 -08 guwang@linkedin.com
kafka 0 08 -08 junrao@gmail.com
kafka 0 16 -08 jay.kreps@gmail.com
kafka 0 17 -08 jay.kreps@gmail.com
kafka 1 19 -08 neha.narkhede@gmail.com
kafka 0 18 -08 neha.narkhede@gmail.com
kafka 0 14 -08 guwang@linkedin.com
kafka 1 21 -08 neha.narkhede@gmail.com
kafka 1 15 -08 jay.kreps@gmail.com
kafka 1 15 -08 jay.kreps@gmail.com
kafka 0 09 -08 jay.kreps@gmail.com
kafka 1 20 -08 jay.kreps@gmail.com
kafka 1 09 -05 joe.sein@sealh.ly
kafka 1 11 -08 neha.narkhede@gmail.com
kafka 0 14 -08 junrao@gmail.com
kafka 0 13 -08 junrao@gmail.com
kafka 1 21 -08 neha.narkhede@gmail.com
kafka 1 21 -08 junrao@gmail.com
kafka 1 20 -08 neha.narkhede@gmail.com
kafka 0 16 -08 jay.kreps@gmail.com
kafka 0 10 -08 jay.kreps@gmail.com
kafka 1 22 -08 sriram.sub@gmail.com
kafka 1 21 -08 jay.kreps@gmail.com
kafka 0 08 -08 mr.mosch@gmail.com
kafka 1 21 -08 jbrosenberg@gmail.com
kafka 0 10 -08 yulrizka@gmail.com
kafka 0 08 -08 sepanova.e.a@gmail.com
kafka 0 12 -08 jay.kreps@gmail.com
kafka 0 13 -08 sriram.sub@gmail.com
kafka 0 18 -08 jjkoshy@gmail.com
kafka 0 09 -08 pkwarren@gmail.com
kafka 0 08 -08 zhangal1992@gmail.com
kafka 1 20 -08 guwang@linkedin.com
kafka 0 08 -08 junrao@gmail.com
kafka 1 21 -05 joe.sein@sealh.ly
kafka 0 13 -08 neha.narkhede@gmail.com
kafka 1 22 -08 junrao@gmail.com
kafka 0 12 -08 guwang@linkedin.com
kafka 0 11 -08 neha.narkhede@gmail.com
kafka 0 11 -08 neha.narkhede@gmail.com
kafka 0 14 -08 neha.narkhede@gmail.com
kafka 0 14 -08 sriram.sub@gmail.com
kafka 0 13 -08 sriram.sub@gmail.com
kafka 0 11 -08 sriram.sub@gmail.com
kafka 0 11 -08 sriram.sub@gmail.com
kafka 0 12 -08 neha.narkhede@gmail.com
kafka 0 16 -08 neha.narkhede@gmail.com
kafka 0 16 -08 neha.narkhede@gmail.com
kafka 0 11 -08 neha.narkhede@gmail.com
kafka 1 22 -08 sriram.sub@gmail.com
kafka 0 16 -08 neha.narkhede@gmail.com
kafka 0 16 -08 neha.narkhede@gmail.com
kafka 0 09 -08 junrao@gmail.com
kafka 0 15 -08 junrao@gmail.com
kafka 0 16 -08 sghike@linkedin.com
kafka 0 16 -08 neha.narkhede@gmail.com
kafka 1 21 -08 guwang@linkedin.com
kafka 0 13 -08 junrao@gmail.com
kafka 0 09 -08 sghike@linkedin.com
kafka 1 21 -08 guwang@linkedin.com
kafka 1 19 -08 jjkoshy@gmail.com
kafka 0 15 -08 junrao@gmail.com
kafka 1 21 -05 joe.sein@sealh.ly
kafka 0 09 -08 guwang@linkedin.com
kafka 0 08 -08 ie.huang@inel.com
kafka 1 21 -08 whielilis@gmail.com
kafka 0 09 -08 sriram.sub@gmail.com
kafka 1 21 -08 junrao@gmail.com
kafka 0 15 -07 joe.sein@sealh.ly
kafka 0 10 -08 sghike@linkedin.com
kafka 0 09 -08 junrao@gmail.com
kafka 0 17 -08 sriram.sub@gmail.com
kafka 0 17 -08 sriram.sub@gmail.com
kafka 0 17 -08 sriram.sub@gmail.com
kafka 0 17 -08 sriram.sub@gmail.com
kafka 0 16 -08 sriram.sub@gmail.com
kafka 1 21 -08 junrao@gmail.com
kafka 0 18 -08 junrao@gmail.com
kafka 1 03 -08 sriram.sub@gmail.com
kafka 0 17 -08 neha.narkhede@gmail.com
kafka 1 20 -05 joe.sein@sealh.ly
kafka 0 18 -08 sghike@linkedin.com
kafka 1 16 -08 neha.narkhede@gmail.com
kafka 0 10 -07 neha.narkhede@gmail.com
kafka 0 10 -07 neha.narkhede@gmail.com
kafka 1 21 -07 neha.narkhede@gmail.com
kafka 1 21 -07 neha.narkhede@gmail.com
kafka 1 21 -07 roger.hoover@gmail.com
kafka 0 16 -07 guwang@linkedin.com
kafka 0 13 -07 guwang@linkedin.com
kafka 0 08 -07 alinachegalai@yahoo.com
kafka 1 21 -07 jay.kreps@gmail.com
kafka 0 11 -07 joris.van.remoorere@gmail.com
kafka 1 16 -07 sghike@linkedin.com
kafka 0 11 -07 jay.kreps@gmail.com
kafka 0 10 -07 junrao@gmail.com
kafka 0 09 -07 junrao@gmail.com
kafka 0 16 -07 neha.narkhede@gmail.com
kafka 0 09 -07 jjkoshy@gmail.com
kafka 0 16 -07 jay.kreps@gmail.com
kafka 0 13 -07 jay.kreps@gmail.com
kafka 0 09 -07 neha.narkhede@gmail.com
kafka 0 09 -07 fsainjacques@gmail.com
kafka 0 09 -07 sghike@linkedin.com
kafka 0 09 -07 jay.kreps@gmail.com
kafka 1 00 -04 joe.sein@sealh.ly
kafka 1 07 -07 junrao@gmail.com
kafka 1 20 -07 sriram@gmail.com
kafka 0 10 -07 sriram.sub@gmail.com
kafka 0 10 -07 sriram.sub@gmail.com
kafka 1 23 -07 sriram.sub@gmail.com
kafka 0 13 -07 junrao@gmail.com
kafka 0 13 -07 junrao@gmail.com
kafka 0 09 -07 fung.john@gmail.com
kafka 0 09 -07 junrao@gmail.com
kafka 0 14 -07 junrao@gmail.com
kafka 0 14 -07 guwang@linkedin.com
kafka 0 14 -07 junrao@gmail.com
kafka 0 09 -07 junrao@gmail.com
kafka 1 09 -07 junrao@gmail.com
kafka 0 17 -07 guwang@linkedin.com
kafka 0 13 -07 neha.narkhede@gmail.com
kafka 1 23 -04 joe.sein@sealh.ly
kafka 0 08 -07 sam.meder@gmail.com
kafka 0 09 -07 neha.narkhede@gmail.com
kafka 1 20 -07 neha.narkhede@gmail.com
kafka 1 20 -07 neha.narkhede@gmail.com
kafka 0 14 -07 neha.narkhede@gmail.com
kafka 1 08 -07 jay.kreps@gmail.com
kafka 0 16 -07 junrao@gmail.com
kafka 0 16 -07 guwang@linkedin.com
kafka 0 15 -07 junrao@gmail.com
kafka 0 13 -07 neha.narkhede@gmail.com
kafka 0 12 -07 cfreeman@linkedin.com
kafka 0 09 -07 junrao@gmail.com
kafka 0 15 -07 cfreeman@linkedin.com
kafka 1 07 -07 e.rajasekar@gmail.com
kafka 1 20 -07 junrao@gmail.com
kafka 0 10 -07 guwang@linkedin.com
kafka 0 09 -07 junrao@gmail.com
kafka 0 09 -07 vladislav.pernin@gmail.com
kafka 1 22 -07 sriram@gmail.com
kafka 0 10 -07 sam.meder@gmail.com
kafka 0 09 -07 sghike@linkedin.com
kafka 0 09 -07 guwang@linkedin.com
kafka 0 08 -07 guwang@linkedin.com
kafka 1 21 -07 guwang@linkedin.com
kafka 0 10 -07 sam.meder@gmail.com
kafka 0 15 -07 guwang@linkedin.com
kafka 0 15 -07 neha.narkhede@gmail.com
kafka 1 22 -07 guwang@linkedin.com
kafka 0 10 -07 sghike@linkedin.com
kafka 1 20 -07 sghike@linkedin.com
kafka 0 14 -07 jay.kreps@gmail.com
kafka 0 18 -07 phil.harge@mirror-image.com
kafka 0 13 -07 neha.narkhede@gmail.com
kafka 0 08 -07 jay.kreps@gmail.com
kafka 0 10 -07 guwang@linkedin.com
kafka 1 09 -07 jay.kreps@gmail.com
kafka 1 09 -07 jay.kreps@gmail.com
kafka 0 16 -07 jjkoshy@gmail.com
kafka 1 21 -07 junrao@gmail.com
kafka 1 21 -07 sam.meder@gmail.com
kafka 0 17 -07 jjkoshy@gmail.com
kafka 0 14 -07 jjkoshy@gmail.com
kafka 0 15 -07 jay.kreps@gmail.com
kafka 0 10 -07 guwang@linkedin.com
kafka 0 18 -07 jjkoshy@gmail.com
kafka 0 10 -07 jjkoshy@gmail.com
kafka 0 11 -07 sghike@linkedin.com
kafka 0 10 -07 fung.john@gmail.com
kafka 0 09 -07 fung.john@gmail.com
kafka 0 09 -07 fung.john@gmail.com
kafka 1 21 -07 sriram@gmail.com
kafka 1 21 -04 joesein@Joes-MacBook-Air.local
kafka 0 15 -07 mumrah@gmail.com
kafka 1 23 -07 junrao@gmail.com
kafka 1 22 -07 sriram@gmail.com
kafka 0 15 -07 junrao@gmail.com
kafka 0 15 -07 junrao@gmail.com
kafka 0 13 -07 sghike@linkedin.com
kafka 1 09 -04 joesein@Joes-MacBook-Air.local
kafka 1 21 -07 junrao@gmail.com
kafka 1 22 -07 junrao@gmail.com
kafka 1 22 -07 junrao@gmail.com
kafka 0 13 -07 junrao@gmail.com
kafka 1 23 -04 joesein@Joes-MacBook-Air.local
kafka 0 12 -04 joesein@Joes-MacBook-Air.local
kafka 0 08 -07 junrao@gmail.com
kafka 0 16 -04 joesein@Joes-MacBook-Air.local
kafka 1 20 -07 junrao@gmail.com
kafka 1 20 -07 jjkoshy@gmail.com
kafka 1 22 -07 sam.meder@gmail.com
kafka 1 09 -07 junrao@gmail.com
kafka 0 09 -07 sriram@gmail.com
kafka 0 17 -07 junrao@gmail.com
kafka 0 17 -07 nehanarkhede@apache.org
kafka 0 16 -07 junrao@gmail.com
kafka 0 16 -07 sriram@gmail.com
kafka 0 14 -07 nehanarkhede@apache.org
kafka 0 10 -07 jjkoshy@gmail.com
kafka 1 22 -07 junrao@gmail.com
kafka 1 20 -07 junrao@gmail.com
kafka 1 21 -07 milosz@adfin.com
kafka 1 21 -07 junrao@gmail.com
kafka 1 21 -07 lanzaa+asf@gmail.com
kafka 1 20 -07 junrao@gmail.com
kafka 0 09 -07 nehanarkhede@apache.org
kafka 0 10 -07 junrao@gmail.com
kafka 0 09 -07 junrao@gmail.com
kafka 0 09 -07 fung.john@gmail.com
kafka 0 09 -07 jjkoshy@gmail.com
kafka 1 22 -07 phil.harge@mirror-images.com
kafka 0 16 -07 jjkoshy@gmail.com
kafka 0 16 -07 junrao@gmail.com
kafka 0 10 -07 nehanarkhede@apache.org
kafka 0 10 -07 nehanarkhede@apache.org
kafka 0 16 -07 nehanarkhede@apache.org
kafka 0 15 -07 nehanarkhede@apache.org
kafka 0 17 -07 neha.narkhede@gmail.com
kafka 0 15 -07 neha.narkhede@gmail.com
kafka 0 12 -07 neha.narkhede@gmail.com
kafka 0 17 -07 neha.narkhede@gmail.com
kafka 0 11 -07 neha.narkhede@gmail.com
kafka 0 14 -07 jjkoshy@gmail.com
kafka 1 19 -07 junrao@gmail.com
kafka 0 18 -07 sriram@gmail.com
kafka 0 10 -07 jjkoshy@gmail.com
kafka 1 19 -07 dsein205@gmail.com
kafka 0 16 -07 sriram@gmail.com
kafka 1 21 -07 junrao@gmail.com
kafka 0 08 -07 clehene@adobe.com
kafka 0 18 -07 sriram.sub@gmail.com
kafka 0 11 -07 clehene@adobe.com
kafka 0 10 -07 neha.narkhede@gmail.com
kafka 0 16 -07 neha.narkhede@gmail.com
kafka 0 15 -07 junrao@gmail.com
kafka 0 14 -07 neha.narkhede@gmail.com
kafka 0 09 -07 junrao@gmail.com
kafka 1 21 -07 neha.narkhede@gmail.com
kafka 1 21 -07 neha.narkhede@gmail.com
kafka 0 16 -07 fung.john@gmail.com
kafka 1 23 -07 neha.narkhede@gmail.com
kafka 0 17 -07 junrao@gmail.com
kafka 0 13 -07 neha.narkhede@gmail.com
kafka 0 10 -07 junrao@gmail.com
kafka 0 09 -07 sghike@linkedin.com
kafka 0 13 -07 junrao@gmail.com
kafka 0 08 -07 dam@micro-workflow.com
kafka 0 08 -07 neha.narkhede@gmail.com
kafka 0 16 -07 junrao@gmail.com
kafka 0 16 -07 neha.narkhede@gmail.com
kafka 0 09 -07 neha.narkhede@gmail.com
kafka 0 09 -07 neha.narkhede@gmail.com
kafka 0 08 -07 sghike@linkedin.com
kafka 0 16 -07 fung.john@gmail.com
kafka 0 13 -07 neha.narkhede@gmail.com
kafka 0 14 -07 fung.john@gmail.com
kafka 0 10 -07 junrao@gmail.com
kafka 0 10 -07 sghike@linkedin.com
kafka 0 09 -07 sghike@linkedin.com
kafka 0 09 -07 neha.narkhede@gmail.com
kafka 0 09 -07 neha.narkhede@gmail.com
kafka 0 09 -07 sghike@linkedin.com
kafka 0 17 -07 neha.narkhede@gmail.com
kafka 0 16 -07 junrao@gmail.com
kafka 0 15 -07 junrao@gmail.com
kafka 0 14 -07 sghike@linkedin.com
kafka 0 08 -07 neha.narkhede@gmail.com
kafka 0 15 -07 sghike@linkedin.com
kafka 0 13 -07 sghike@linkedin.com
kafka 0 11 -07 neha.narkhede@gmail.com
kafka 0 10 -07 junrao@gmail.com
kafka 1 20 -07 sghike@linkedin.com
kafka 0 11 -07 sriram.sub@gmail.com
kafka 0 11 -07 jay.kreps@gmail.com
kafka 1 14 -08 neha.narkhede@gmail.com
kafka 0 15 -08 jay.kreps@gmail.com
kafka 0 14 -08 fung.john@gmail.com
kafka 0 18 -08 neha.narkhede@gmail.com
kafka 0 18 -08 sghike@linkedin.com
kafka 0 16 -08 junrao@gmail.com
kafka 0 12 -08 sghike@linkedin.com
kafka 0 09 -08 sghike@linkedin.com
kafka 0 09 -08 sghike@linkedin.com
kafka 0 09 -08 neha.narkhede@gmail.com
kafka 1 22 -08 sriram.sub@gmail.com
kafka 1 20 -08 junrao@gmail.com
kafka 0 13 -08 neha.narkhede@gmail.com
kafka 1 19 -08 sghike@linkedin.com
kafka 1 19 -08 sghike@linkedin.com
kafka 1 19 -08 neha.narkhede@gmail.com
kafka 0 17 -08 sriram.sub@gmail.com
kafka 0 16 -08 neha.narkhede@gmail.com
kafka 0 16 -08 neha.narkhede@gmail.com
kafka 0 15 -08 sghike@linkedin.com
kafka 0 09 -08 neha.narkhede@gmail.com
kafka 1 00 -08 neha.narkhede@gmail.com
kafka 1 18 -08 mumrah@gmail.com
kafka 1 14 -08 neha.narkhede@gmail.com
kafka 0 18 -08 junrao@gmail.com
kafka 0 18 -08 junrao@gmail.com
kafka 0 17 -08 neha.narkhede@gmail.com
kafka 0 16 -08 junrao@gmail.com
kafka 0 15 -08 sriram.sub@gmail.com
kafka 0 15 -08 sriram.sub@gmail.com
kafka 0 08 -08 sghike@linkedin.com
kafka 1 21 -08 junrao@gmail.com
kafka 1 21 -08 junrao@gmail.com
kafka 0 14 -08 junrao@gmail.com
kafka 0 08 -08 junrao@gmail.com
kafka 0 14 -08 junrao@gmail.com
kafka 0 14 -08 junrao@gmail.com
kafka 0 12 -08 junrao@gmail.com
kafka 1 07 -08 junrao@gmail.com
kafka 1 07 -08 junrao@gmail.com
kafka 0 10 -08 jay.kreps@gmail.com
kafka 0 10 -08 neha.narkhede@gmail.com
kafka 1 22 -08 neha.narkhede@gmail.com
kafka 1 20 -08 neha.narkhede@gmail.com
kafka 0 17 -08 neha.narkhede@gmail.com
kafka 0 15 -08 neha.narkhede@gmail.com
kafka 0 10 -08 shahsam@umich.edu
kafka 0 18 -08 junrao@gmail.com
kafka 0 17 -08 junrao@gmail.com
kafka 1 19 -08 jay.kreps@gmail.com
kafka 0 16 -08 junrao@gmail.com
kafka 1 22 -08 junrao@gmail.com
kafka 0 13 -08 sriram.sub@gmail.com
kafka 0 08 -08 neha.narkhede@gmail.com
kafka 0 14 -08 neha.narkhede@gmail.com
kafka 0 11 -08 sriram.sub@gmail.com
kafka 0 10 -08 neha.narkhede@gmail.com
kafka 0 10 -08 neha.narkhede@gmail.com
kafka 1 01 -05 joesein@apache.org
kafka 1 21 -05 joesein@apache.org
kafka 0 15 -08 fung.john@gmail.com
kafka 0 14 -08 junrao@gmail.com
kafka 0 14 -08 jkreps@apache.org
kafka 0 13 -08 neha.narkhede@gmail.com
kafka 0 13 -08 neha.narkhede@gmail.com
kafka 0 12 -08 junrao@gmail.com
kafka 0 12 -08 neha.narkhede@gmail.com
kafka 0 12 -08 fung.john@gmail.com
kafka 0 12 -08 jjkoshy@apache.org
kafka 1 21 -05 joesein@apache.org
kafka 0 14 -05 joesein@apache.org
kafka 0 14 -05 joesein@apache.org
kafka 0 10 -08 jjkoshy@apache.org
kafka 0 09 -08 neha.narkhede@gmail.com
kafka 1 00 -08 neha.narkhede@gmail.com
kafka 1 00 -08 neha.narkhede@gmail.com
kafka 1 20 -08 junrao@gmail.com
kafka 1 20 -08 junrao@gmail.com
kafka 1 22 -05 josephsein@Josephs-MacBook-Pro.local
kafka 1 14 -08 neha.narkhede@gmail.com
kafka 1 21 -08 neha.narkhede@gmail.com
kafka 0 10 -08 junrao@gmail.com
kafka 0 09 -08 junrao@gmail.com
kafka 0 10 -08 jkreps@apache.org
kafka 1 21 -08 junrao@gmail.com
kafka 0 09 -08 jay.kreps@gmail.com
kafka 0 09 -08 junrao@gmail.com
kafka 0 09 -08 neha.narkhede@gmail.com
kafka 0 09 -08 sghike@linkedin.com
kafka 0 09 -08 junrao@gmail.com
kafka 0 14 -08 junrao@gmail.com
kafka 0 14 -08 junrao@gmail.com
kafka 0 09 -08 junrao@gmail.com
kafka 1 14 -08 junrao@gmail.com
kafka 1 13 -08 junrao@gmail.com
kafka 0 18 -08 junrao@gmail.com
kafka 0 16 -08 junrao@gmail.com
kafka 0 14 -08 nehanarkhede@apache.org
kafka 0 14 -08 nehanarkhede@apache.org
kafka 0 09 -08 ben@monkey.org
kafka 0 11 -08 junrao@gmail.com
kafka 0 16 -08 joesein@apache.org
kafka 0 08 -08 neha.narkhede@gmail.com
kafka 0 13 -08 junrao@gmail.com
kafka 0 13 -08 junrao@gmail.com
kafka 0 10 -07 derek@precog.com
kafka 1 19 -08 joesein@apache.org
kafka 1 10 -08 joesein@apache.org
kafka 0 15 -08 jay.kreps@gmail.com
kafka 0 14 -08 mumrah@gmail.com
kafka 0 13 -08 junrao@gmail.com
kafka 0 13 -08 junrao@gmail.com
kafka 0 09 -08 junrao@gmail.com
kafka 0 14 -08 jjkoshy@apache.org
kafka 0 14 -08 jay.kreps@gmail.com
kafka 0 09 -08 jay.kreps@gmail.com
kafka 0 09 -08 jay.kreps@gmail.com
kafka 0 16 -08 jjkoshy@gmail.com
kafka 0 15 -08 nehanarkhede@apache.org
kafka 0 15 -08 sghike@linkedin.com
kafka 0 14 -08 jrao@jrao-ld.linkedin.biz
kafka 0 14 -08 nehanarkhede@apache.org
kafka 0 14 -08 fung.john@gmail.com
kafka 0 14 -08 sghike@linkedin.com
kafka 1 11 -08 jay.kreps@gmail.com
kafka 1 11 -08 jay.kreps@gmail.com
kafka 0 17 -07 derek@precog.com
kafka 0 10 -08 jkreps@apache.org
kafka 1 19 +00 jkreps@apache.org
kafka 1 19 +00 jkreps@apache.org
kafka 1 05 +00 junrao@apache.org
kafka 1 19 +00 jkreps@apache.org
kafka 0 18 +00 nehanarkhede@apache.org
kafka 1 00 +00 nehanarkhede@apache.org
kafka 1 23 +00 nehanarkhede@apache.org
kafka 0 18 +00 jkreps@apache.org
kafka 1 04 +00 jkreps@apache.org
kafka 1 01 +00 jjkoshy@apache.org
kafka 0 16 +00 jkreps@apache.org
kafka 1 04 +00 jkreps@apache.org
kafka 1 20 +00 jkreps@apache.org
kafka 1 20 +00 jkreps@apache.org
kafka 1 02 +00 nehanarkhede@apache.org
kafka 0 17 +00 nehanarkhede@apache.org
kafka 1 01 +00 nehanarkhede@apache.org
kafka 1 00 +00 junrao@apache.org
kafka 1 00 +00 junrao@apache.org
kafka 1 21 +00 junrao@apache.org
kafka 0 08 +00 gmcdonald@apache.org
kafka 0 08 +00 gmcdonald@apache.org
kafka 1 20 +00 jkreps@apache.org
kafka 0 17 +00 junrao@apache.org
kafka 1 05 +00 junrao@apache.org
kafka 1 22 +00 nehanarkhede@apache.org
kafka 1 01 +00 jjkoshy@apache.org
kafka 1 01 +00 junrao@apache.org
kafka 1 00 +00 junrao@apache.org
kafka 1 21 +00 jkreps@apache.org
kafka 1 19 +00 junrao@apache.org
kafka 1 00 +00 junrao@apache.org
kafka 1 22 +00 jkreps@apache.org
kafka 1 22 +00 jkreps@apache.org
kafka 1 00 +00 nehanarkhede@apache.org
kafka 0 18 +00 jjkoshy@apache.org
kafka 1 22 +00 junrao@apache.org
kafka 1 06 +00 junrao@apache.org
kafka 1 03 +00 nehanarkhede@apache.org
kafka 1 23 +00 junrao@apache.org
kafka 1 23 +00 junrao@apache.org
kafka 1 19 +00 jkreps@apache.org
kafka 1 02 +00 junrao@apache.org
kafka 0 15 +00 junrao@apache.org
kafka 0 15 +00 junrao@apache.org
kafka 1 20 +00 jkreps@apache.org
kafka 1 01 +00 junrao@apache.org
kafka 1 01 +00 junrao@apache.org
kafka 1 22 +00 junrao@apache.org
kafka 1 01 +00 junrao@apache.org
kafka 1 05 +00 jjkoshy@apache.org
kafka 0 18 +00 junrao@apache.org
kafka 1 23 +00 junrao@apache.org
kafka 1 20 +00 junrao@apache.org
kafka 0 16 +00 junrao@apache.org
kafka 0 16 +00 junrao@apache.org
kafka 0 16 +00 junrao@apache.org
kafka 0 14 +00 junrao@apache.org
kafka 0 17 +00 junrao@apache.org
kafka 1 01 +00 nehanarkhede@apache.org
kafka 1 00 +00 junrao@apache.org
kafka 0 17 +00 nehanarkhede@apache.org
kafka 1 03 +00 jkreps@apache.org
kafka 1 00 +00 nehanarkhede@apache.org
kafka 1 00 +00 nehanarkhede@apache.org
kafka 1 20 +00 junrao@apache.org
kafka 0 15 +00 junrao@apache.org
kafka 1 04 +00 nehanarkhede@apache.org
kafka 1 02 +00 nehanarkhede@apache.org
kafka 1 00 +00 jkreps@apache.org
kafka 1 23 +00 nehanarkhede@apache.org
kafka 0 17 +00 jkreps@apache.org
kafka 0 16 +00 jkreps@apache.org
kafka 1 21 +00 nehanarkhede@apache.org
kafka 1 21 +00 nehanarkhede@apache.org
kafka 0 18 +00 nehanarkhede@apache.org
kafka 0 18 +00 nehanarkhede@apache.org
kafka 0 17 +00 nehanarkhede@apache.org
kafka 0 17 +00 junrao@apache.org
kafka 0 16 +00 nehanarkhede@apache.org
kafka 0 16 +00 junrao@apache.org
kafka 0 16 +00 junrao@apache.org
kafka 0 15 +00 junrao@apache.org
kafka 1 04 +00 jkreps@apache.org
kafka 1 00 +00 jjkoshy@apache.org
kafka 1 00 +00 jjkoshy@apache.org
kafka 1 21 +00 jjkoshy@apache.org
kafka 0 18 +00 jkreps@apache.org
kafka 0 17 +00 junrao@apache.org
kafka 0 16 +00 jkreps@apache.org
kafka 0 15 +00 junrao@apache.org
kafka 1 05 +00 junrao@apache.org
kafka 1 23 +00 jjkoshy@apache.org
kafka 1 23 +00 jjkoshy@apache.org
kafka 1 19 +00 jkreps@apache.org
kafka 0 15 +00 joesein@apache.org
kafka 0 17 +00 junrao@apache.org
kafka 1 03 +00 junrao@apache.org
kafka 1 19 +00 jjkoshy@apache.org
kafka 0 15 +00 junrao@apache.org
kafka 1 18 +00 junrao@apache.org
kafka 1 01 +00 joesein@apache.org
kafka 1 01 +00 joesein@apache.org
kafka 1 19 +00 jjkoshy@apache.org
kafka 1 01 +00 junrao@apache.org
kafka 1 01 +00 junrao@apache.org
kafka 1 00 +00 joesein@apache.org
kafka 1 00 +00 joesein@apache.org
kafka 1 00 +00 joesein@apache.org
kafka 1 00 +00 joesein@apache.org
kafka 1 19 +00 junrao@apache.org
kafka 0 16 +00 junrao@apache.org
kafka 1 22 +00 junrao@apache.org
kafka 0 17 +00 nehanarkhede@apache.org
kafka 0 17 +00 junrao@apache.org
kafka 1 05 +00 junrao@apache.org
kafka 1 20 +00 jjkoshy@apache.org
kafka 0 14 +00 junrao@apache.org
kafka 0 17 +00 nehanarkhede@apache.org
kafka 1 01 +00 junrao@apache.org
kafka 1 04 +00 junrao@apache.org
kafka 1 02 +00 junrao@apache.org
kafka 1 01 +00 junrao@apache.org
kafka 0 16 +00 junrao@apache.org
kafka 1 20 +00 junrao@apache.org
kafka 0 17 +00 nehanarkhede@apache.org
kafka 0 13 +00 prashanhmenon@apache.org
kafka 1 03 +00 junrao@apache.org
kafka 1 03 +00 junrao@apache.org
kafka 1 03 +00 junrao@apache.org
kafka 1 23 +00 nehanarkhede@apache.org
kafka 0 18 +00 nehanarkhede@apache.org
kafka 0 14 +00 junrao@apache.org
kafka 0 18 +00 junrao@apache.org
kafka 1 06 +00 junrao@apache.org
kafka 1 05 +00 junrao@apache.org
kafka 1 05 +00 junrao@apache.org
kafka 1 01 +00 junrao@apache.org
kafka 1 01 +00 junrao@apache.org
kafka 1 00 +00 junrao@apache.org
kafka 1 00 +00 junrao@apache.org
kafka 1 00 +00 junrao@apache.org
kafka 1 00 +00 junrao@apache.org
kafka 1 20 +00 junrao@apache.org
kafka 0 14 +00 junrao@apache.org
kafka 0 17 +00 junrao@apache.org
kafka 0 17 +00 nehanarkhede@apache.org
kafka 0 17 +00 junrao@apache.org
kafka 1 01 +00 junrao@apache.org
kafka 1 01 +00 junrao@apache.org
kafka 1 05 +00 junrao@apache.org
kafka 1 23 +00 junrao@apache.org
kafka 1 21 +00 junrao@apache.org
kafka 1 21 +00 jjkoshy@apache.org
kafka 0 15 +00 junrao@apache.org
kafka 1 20 +00 jkreps@apache.org
kafka 1 19 +00 jkreps@apache.org
kafka 1 19 +00 jkreps@apache.org
kafka 1 19 +00 jkreps@apache.org
kafka 1 04 +00 junrao@apache.org
kafka 1 20 +00 nehanarkhede@apache.org
kafka 0 17 +00 nehanarkhede@apache.org
kafka 0 16 +00 junrao@apache.org
kafka 1 23 +00 nehanarkhede@apache.org
kafka 1 22 +00 junrao@apache.org
kafka 0 15 +00 junrao@apache.org
kafka 1 00 +00 junrao@apache.org
kafka 1 23 +00 junrao@apache.org
kafka 0 16 +00 junrao@apache.org
kafka 1 23 +00 nehanarkhede@apache.org
kafka 0 18 +00 nehanarkhede@apache.org
kafka 1 22 +00 nehanarkhede@apache.org
kafka 1 21 +00 jkreps@apache.org
kafka 1 19 +00 nehanarkhede@apache.org
kafka 0 17 +00 jkreps@apache.org
kafka 0 16 +00 junrao@apache.org
kafka 0 18 +00 junrao@apache.org
kafka 0 18 +00 junrao@apache.org
kafka 1 20 +00 jjkoshy@apache.org
kafka 1 22 +00 jjkoshy@apache.org
kafka 0 16 +00 junrao@apache.org
kafka 1 07 +00 junrao@apache.org
kafka 0 17 +00 junrao@apache.org
kafka 0 15 +00 joesein@apache.org
kafka 0 15 +00 joesein@apache.org
kafka 1 00 +00 junrao@apache.org
kafka 1 00 +00 junrao@apache.org
kafka 1 01 +00 prashanhmenon@apache.org
kafka 1 15 +00 joesein@apache.org
kafka 0 17 +00 joesein@apache.org
kafka 0 17 +00 joesein@apache.org
kafka 0 16 +00 junrao@apache.org
kafka 0 15 +00 junrao@apache.org
kafka 1 22 +00 junrao@apache.org
kafka 1 01 +00 junrao@apache.org
kafka 1 01 +00 nehanarkhede@apache.org
kafka 1 01 +00 nehanarkhede@apache.org
kafka 1 01 +00 joesein@apache.org
kafka 0 13 +00 prashanhmenon@apache.org
kafka 1 01 +00 junrao@apache.org
kafka 1 01 +00 nehanarkhede@apache.org
kafka 1 21 +00 jkreps@apache.org
kafka 1 02 +00 junrao@apache.org
kafka 1 23 +00 nehanarkhede@apache.org
kafka 1 02 +00 nehanarkhede@apache.org
kafka 1 02 +00 nehanarkhede@apache.org
kafka 1 00 +00 junrao@apache.org
kafka 1 21 +00 junrao@apache.org
kafka 0 16 +00 junrao@apache.org
kafka 0 17 +00 junrao@apache.org
kafka 0 16 +00 nehanarkhede@apache.org
kafka 0 16 +00 nehanarkhede@apache.org
kafka 0 16 +00 nehanarkhede@apache.org
kafka 0 17 +00 nehanarkhede@apache.org
kafka 1 00 +00 junrao@apache.org
kafka 1 00 +00 junrao@apache.org
kafka 1 00 +00 junrao@apache.org
kafka 1 22 +00 junrao@apache.org
kafka 1 01 +00 junrao@apache.org
kafka 0 15 +00 junrao@apache.org
kafka 0 17 +00 junrao@apache.org
kafka 0 17 +00 joesein@apache.org
kafka 1 02 +00 junrao@apache.org
kafka 1 05 +00 joesein@apache.org
kafka 1 21 +00 nehanarkhede@apache.org
kafka 1 02 +00 joesein@apache.org
kafka 1 03 +00 junrao@apache.org
kafka 1 01 +00 junrao@apache.org
kafka 1 19 +00 junrao@apache.org
kafka 1 23 +00 junrao@apache.org
kafka 1 22 +00 junrao@apache.org
kafka 1 00 +00 junrao@apache.org
kafka 1 00 +00 junrao@apache.org
kafka 1 22 +00 junrao@apache.org
kafka 1 21 +00 junrao@apache.org
kafka 1 04 +00 joesein@apache.org
kafka 1 02 +00 nehanarkhede@apache.org
kafka 1 02 +00 junrao@apache.org
kafka 1 23 +00 junrao@apache.org
kafka 1 22 +00 junrao@apache.org
kafka 1 22 +00 junrao@apache.org
kafka 1 19 +00 junrao@apache.org
kafka 1 06 +00 junrao@apache.org
kafka 1 22 +00 junrao@apache.org
kafka 1 03 +00 junrao@apache.org
kafka 1 06 +00 junrao@apache.org
kafka 1 22 +00 nehanarkhede@apache.org
kafka 1 02 +00 junrao@apache.org
kafka 0 17 +00 nehanarkhede@apache.org
kafka 1 23 +00 nehanarkhede@apache.org
kafka 1 23 +00 nehanarkhede@apache.org
kafka 1 19 +00 nehanarkhede@apache.org
kafka 0 17 +00 junrao@apache.org
kafka 1 20 +00 nehanarkhede@apache.org
kafka 0 17 +00 junrao@apache.org
kafka 0 17 +00 junrao@apache.org
kafka 1 23 +00 junrao@apache.org
kafka 1 23 +00 junrao@apache.org
kafka 1 21 +00 nehanarkhede@apache.org
kafka 1 19 +00 nehanarkhede@apache.org
kafka 1 00 +00 nehanarkhede@apache.org
kafka 1 23 +00 nehanarkhede@apache.org
kafka 1 20 +00 nehanarkhede@apache.org
kafka 1 02 +00 junrao@apache.org
kafka 1 23 +00 nehanarkhede@apache.org
kafka 1 22 +00 nehanarkhede@apache.org
kafka 1 00 +00 nehanarkhede@apache.org
kafka 1 22 +00 junrao@apache.org
kafka 1 00 +00 nehanarkhede@apache.org
kafka 1 01 +00 junrao@apache.org
kafka 1 01 +00 junrao@apache.org
kafka 1 20 +00 jkreps@apache.org
kafka 1 02 +00 junrao@apache.org
kafka 0 18 +00 nehanarkhede@apache.org
kafka 1 23 +00 junrao@apache.org
kafka 1 03 +00 junrao@apache.org
kafka 1 02 +00 junrao@apache.org
kafka 1 20 +00 nehanarkhede@apache.org
kafka 1 01 +00 nehanarkhede@apache.org
kafka 1 00 +00 nehanarkhede@apache.org
kafka 1 23 +00 jghoman@apache.org
kafka 1 21 +00 junrao@apache.org
kafka 1 21 +00 junrao@apache.org
kafka 1 23 +00 junrao@apache.org
kafka 1 23 +00 junrao@apache.org
kafka 1 23 +00 junrao@apache.org
kafka 0 18 +00 junrao@apache.org
kafka 0 18 +00 nehanarkhede@apache.org
kafka 1 07 +00 jkreps@apache.org
kafka 1 07 +00 jkreps@apache.org
kafka 0 18 +00 nehanarkhede@apache.org
kafka 1 00 +00 junrao@apache.org
kafka 1 00 +00 junrao@apache.org
kafka 1 00 +00 nehanarkhede@apache.org
kafka 1 05 +00 junrao@apache.org
kafka 0 18 +00 junrao@apache.org
kafka 1 19 +00 nehanarkhede@apache.org
kafka 1 20 +00 jkreps@apache.org
kafka 1 23 +00 nehanarkhede@apache.org
kafka 1 21 +00 nehanarkhede@apache.org
kafka 1 21 +00 nehanarkhede@apache.org
kafka 0 14 +00 nehanarkhede@apache.org
kafka 1 19 +00 nehanarkhede@apache.org
kafka 0 18 +00 jkreps@apache.org
kafka 0 17 +00 jkreps@apache.org
kafka 1 05 +00 jkreps@apache.org
kafka 1 22 +00 jkreps@apache.org
kafka 1 23 +00 junrao@apache.org
kafka 1 22 +00 jkreps@apache.org
kafka 0 17 +00 junrao@apache.org
kafka 0 17 +00 junrao@apache.org
kafka 1 01 +00 nehanarkhede@apache.org
kafka 1 01 +00 nehanarkhede@apache.org
kafka 1 19 +00 nehanarkhede@apache.org
kafka 1 01 +00 nehanarkhede@apache.org
kafka 1 19 +00 junrao@apache.org
kafka 1 19 +00 nehanarkhede@apache.org
kafka 1 01 +00 junrao@apache.org
kafka 0 14 +00 cburroughs@apache.org
kafka 1 19 +00 nehanarkhede@apache.org
kafka 0 17 +00 nehanarkhede@apache.org
kafka 0 17 +00 nehanarkhede@apache.org
kafka 1 00 +00 nehanarkhede@apache.org
kafka 1 22 +00 nehanarkhede@apache.org
kafka 1 21 +00 nehanarkhede@apache.org
kafka 1 19 +00 nehanarkhede@apache.org
kafka 1 19 +00 nehanarkhede@apache.org
kafka 1 19 +00 nehanarkhede@apache.org
kafka 1 05 +00 junrao@apache.org
kafka 1 05 +00 junrao@apache.org
kafka 1 01 +00 nehanarkhede@apache.org
kafka 1 22 +00 nehanarkhede@apache.org
kafka 1 02 +00 nehanarkhede@apache.org
kafka 1 22 +00 nehanarkhede@apache.org
kafka 1 22 +00 cburroughs@apache.org
kafka 1 01 +00 cburroughs@apache.org
kafka 1 01 +00 cburroughs@apache.org
kafka 1 00 +00 jkreps@apache.org
kafka 1 20 +00 jkreps@apache.org
kafka 0 15 +00 junrao@apache.org
kafka 1 04 +00 junrao@apache.org
kafka 1 19 +00 junrao@apache.org
kafka 1 05 +00 junrao@apache.org
kafka 1 00 +00 junrao@apache.org
kafka 1 00 +00 junrao@apache.org
kafka 0 17 +00 junrao@apache.org
kafka 0 17 +00 junrao@apache.org
kafka 1 01 +00 junrao@apache.org
kafka 1 19 +00 junrao@apache.org
kafka 1 03 +00 jkreps@apache.org
kafka 1 03 +00 jkreps@apache.org
kafka 1 23 +00 junrao@apache.org
kafka 1 21 +00 junrao@apache.org
kafka 1 05 +00 junrao@apache.org
kafka 1 07 +00 junrao@apache.org
kafka 1 05 +00 jkreps@apache.org
kafka 0 16 +00 cburroughs@apache.org
kafka 0 17 +00 junrao@apache.org
kafka 1 21 +00 nehanarkhede@apache.org
kafka 1 01 +00 nehanarkhede@apache.org
kafka 1 01 +00 nehanarkhede@apache.org
kafka 1 00 +00 nehanarkhede@apache.org
kafka 1 00 +00 nehanarkhede@apache.org
kafka 1 22 +00 cburroughs@apache.org
kafka 1 02 +00 nehanarkhede@apache.org
kafka 1 02 +00 nehanarkhede@apache.org
kafka 1 04 +00 jkreps@apache.org
kafka 1 01 +00 nehanarkhede@apache.org
kafka 1 01 +00 nehanarkhede@apache.org
kafka 1 00 +00 nehanarkhede@apache.org
kafka 1 00 +00 nehanarkhede@apache.org
kafka 1 00 +00 nehanarkhede@apache.org
kafka 1 23 +00 junrao@apache.org
kafka 1 21 +00 junrao@apache.org
kafka 0 17 +00 jkreps@apache.org
kafka 0 17 +00 jkreps@apache.org
kafka 1 16 +00 junrao@apache.org
kafka 1 02 +00 junrao@apache.org
kafka 1 22 +00 junrao@apache.org
kafka 0 18 +00 hsapura@apache.org
kafka 0 15 +00 hsapura@apache.org
kafka 0 13 +00 cburroughs@apache.org
kafka 0 18 +00 junrao@apache.org
kafka 1 23 +00 junrao@apache.org
kafka 1 16 +00 junrao@apache.org
kafka 1 01 +00 junrao@apache.org
kafka 0 17 +00 cburroughs@apache.org
kafka 1 23 +00 jkreps@apache.org
